[20:59:10] [main/INFO]: Loading Minecraft 1.19.4 with Fabric Loader 0.14.19
[20:59:10] [main/INFO]: Loading 48 mods:
	- appleskin 2.4.3+mc1.19.4
	- architectury 8.1.80
	- cloth-config 10.0.96
	   \-- cloth-basic-math 0.6.1
	- fabric-api 0.80.0+1.19.4
	   |-- fabric-api-base 0.4.25+504944c8f4
	   |-- fabric-api-lookup-api-v1 1.6.26+504944c8f4
	   |-- fabric-biome-api-v1 13.0.8+348a9c64f4
	   |-- fabric-block-api-v1 1.0.7+e022e5d1f4
	   |-- fabric-blockrenderlayer-v1 1.1.35+c2e6f674f4
	   |-- fabric-client-tags-api-v1 1.0.16+504944c8f4
	   |-- fabric-command-api-v1 1.2.28+f71b366ff4
	   |-- fabric-command-api-v2 2.2.7+504944c8f4
	   |-- fabric-commands-v0 0.2.45+df3654b3f4
	   |-- fabric-containers-v0 0.1.55+df3654b3f4
	   |-- fabric-content-registries-v0 3.5.10+ae0966baf4
	   |-- fabric-convention-tags-v1 1.4.2+9a7c5daaf4
	   |-- fabric-crash-report-info-v1 0.2.16+aeb40ebef4
	   |-- fabric-data-generation-api-v1 11.4.1+504944c8f4
	   |-- fabric-dimensions-v1 2.1.46+7f87f8faf4
	   |-- fabric-entity-events-v1 1.5.14+504944c8f4
	   |-- fabric-events-interaction-v0 0.5.0+76ba65ebf4
	   |-- fabric-events-lifecycle-v0 0.2.53+df3654b3f4
	   |-- fabric-game-rule-api-v1 1.0.34+a1ccd7bff4
	   |-- fabric-item-api-v1 2.1.18+504944c8f4
	   |-- fabric-item-group-api-v1 3.0.6+043f9acff4
	   |-- fabric-key-binding-api-v1 1.0.34+504944c8f4
	   |-- fabric-keybindings-v0 0.2.32+df3654b3f4
	   |-- fabric-lifecycle-events-v1 2.2.16+504944c8f4
	   |-- fabric-loot-api-v2 1.1.28+75e98211f4
	   |-- fabric-loot-tables-v1 1.1.32+9e7660c6f4
	   |-- fabric-message-api-v1 5.1.2+504944c8f4
	   |-- fabric-mining-level-api-v1 2.1.40+49abcf7ef4
	   |-- fabric-models-v0 0.3.31+504944c8f4
	   |-- fabric-networking-api-v1 1.3.2+504944c8f4
	   |-- fabric-networking-v0 0.3.42+df3654b3f4
	   |-- fabric-object-builder-api-v1 7.0.4+504944c8f4
	   |-- fabric-particles-v1 1.0.24+f1e4495bf4
	   |-- fabric-recipe-api-v1 1.0.9+a1ccd7bff4
	   |-- fabric-registry-sync-v0 2.2.1+504944c8f4
	   |-- fabric-renderer-api-v1 2.2.6+504944c8f4
	   |-- fabric-renderer-indigo 1.1.2+81e8c576f4
	   |-- fabric-renderer-registries-v1 3.2.39+df3654b3f4
	   |-- fabric-rendering-data-attachment-v1 0.3.29+afca2f3ef4
	   |-- fabric-rendering-fluids-v1 3.0.22+504944c8f4
	   |-- fabric-rendering-v0 1.1.42+df3654b3f4
	   |-- fabric-rendering-v1 2.1.2+504944c8f4
	   |-- fabric-resource-conditions-api-v1 2.3.2+e6c7d4eef4
	   |-- fabric-resource-loader-v0 0.11.3+1e1fb126f4
	   |-- fabric-screen-api-v1 1.0.46+504944c8f4
	   |-- fabric-screen-handler-api-v1 1.3.21+504944c8f4
	   |-- fabric-sound-api-v1 1.0.10+504944c8f4
	   |-- fabric-transfer-api-v1 3.1.2+504944c8f4
	   \-- fabric-transitive-access-wideners-v1 3.0.4+504944c8f4
	- fabricloader 0.14.19
	- java 17
	- minecraft 1.19.4
	- roughlyenoughitems 11.0.597
	   \-- error_notifier 1.0.9
	- xaeroworldmap 1.30.1
[20:59:10] [main/INFO]: SpongePowered MIXIN Subsystem Version=0.8.5 Source=file:/workspaces/cubes2/Desktop/vanilla19/libraries/net/fabricmc/sponge-mixin/0.12.4+mixin.0.8.5/sponge-mixin-0.12.4+mixin.0.8.5.jar Service=Knot/Fabric Env=SERVER
[20:59:10] [main/INFO]: Compatibility level set to JAVA_17
[20:59:19] [main/INFO]: Registering C2S receiver with id roughlyenoughitems:request_tags_c2s
[20:59:19] [main/INFO]: [REI] Registered plugin provider DefaultPlugin [roughlyenoughitems] for REIPlugin
[20:59:19] [main/INFO]: [REI] Registered plugin provider DefaultRuntimePlugin [roughlyenoughitems] for REIPlugin
[20:59:19] [main/INFO]: [REI] Registered plugin provider DefaultPlugin [roughlyenoughitems] for REIServerPlugin
[20:59:19] [main/INFO]: [REI] Registered plugin provider DefaultRuntimePlugin [roughlyenoughitems] for REIServerPlugin
[20:59:19] [main/INFO]: [REI] Registered plugin provider FabricFluidAPISupportPlugin for REIServerPlugin
[20:59:19] [main/INFO]: [REI] Registered plugin provider FabricFluidAPISupportPlugin for REIPlugin
[20:59:19] [main/INFO]: Registering C2S receiver with id roughlyenoughitems:delete_item
[20:59:19] [main/INFO]: Registering C2S receiver with id roughlyenoughitems:create_item
[20:59:19] [main/INFO]: Registering C2S receiver with id roughlyenoughitems:create_item_grab
[20:59:19] [main/INFO]: Registering C2S receiver with id roughlyenoughitems:create_item_hotbar
[20:59:19] [main/INFO]: Registering C2S receiver with id roughlyenoughitems:move_items
[20:59:19] [main/INFO]: Loading Xaero's World Map - Stage 1/2 (Server)
[20:59:19] [main/INFO]: Environment: authHost='https://authserver.mojang.com', accountsHost='https://api.mojang.com', sessionHost='https://sessionserver.mojang.com', servicesHost='https://api.minecraftservices.com', name='PROD'
[20:59:20] [main/INFO]: [fabric-registry-sync] Loaded registry data [file 1/4]
[20:59:24] [main/INFO]: Loaded 7 recipes
[20:59:25] [main/INFO]: Loaded 2186 advancements
[20:59:25] [main/INFO]: [REI] %%%%%%%%%%%%%%%%%%%%%%%%%%%%%%%%%%%%%%%%
[20:59:25] [main/INFO]: [REI] REIPlugin starting main-reload for START.
[20:59:25] [main/INFO]: [REI] Plugins (3):
[20:59:25] [main/INFO]: [REI]  - (-100.00) DefaultPlugin of DefaultPlugin [roughlyenoughitems]
[20:59:25] [main/INFO]: [REI]  - (0.00) FabricFluidAPISupportPlugin
[20:59:25] [main/INFO]: [REI]  - (0.00) DefaultRuntimePlugin of DefaultRuntimePlugin [roughlyenoughitems]
[20:59:25] [main/INFO]: [REI] %%%%%%%%%%%%%%%%%%%%%%%%%%%%%%%%%%%%%%%%
[20:59:25] [main/INFO]: [REI] %%%%%%%%%%%%%%%%%%%%%%%%%%%%%%%%%%%%%%%%
[20:59:25] [main/INFO]: [REI] REIServerPlugin starting main-reload for START.
[20:59:25] [main/INFO]: [REI] Plugins (3):
[20:59:25] [main/INFO]: [REI]  - (-100.00) DefaultPlugin of DefaultPlugin [roughlyenoughitems]
[20:59:25] [main/INFO]: [REI]  - (0.00) FabricFluidAPISupportPlugin
[20:59:25] [main/INFO]: [REI]  - (0.00) DefaultRuntimePlugin of DefaultRuntimePlugin [roughlyenoughitems]
[20:59:25] [main/INFO]: [REI] %%%%%%%%%%%%%%%%%%%%%%%%%%%%%%%%%%%%%%%%
[20:59:25] [main/INFO]: [REI] REIPlugin finished post-reload for START in 1.503 ms, totaling 51.50 ms.
[20:59:25] [main/INFO]: [REI] REIServerPlugin finished post-reload for START in 939.3 μs, totaling 9.678 ms.
[20:59:25] [main/INFO]: [REI] OOOOOOOOOOOOOOOOOOOOOOOOOOOOOOOOOOOOOOOO
[20:59:25] [main/INFO]: [REI] REIPlugin starting main-reload for END.
[20:59:25] [main/INFO]: [REI] Plugins (3):
[20:59:25] [main/INFO]: [REI]  - (-100.00) DefaultPlugin of DefaultPlugin [roughlyenoughitems]
[20:59:25] [main/INFO]: [REI]  - (0.00) FabricFluidAPISupportPlugin
[20:59:25] [main/INFO]: [REI]  - (0.00) DefaultRuntimePlugin of DefaultRuntimePlugin [roughlyenoughitems]
[20:59:25] [main/INFO]: [REI] OOOOOOOOOOOOOOOOOOOOOOOOOOOOOOOOOOOOOOOO
[20:59:25] [main/INFO]: [REI] ----------------------------------------
[20:59:25] [main/INFO]: [REI] REIServerPlugin starting main-reload for END.
[20:59:25] [main/INFO]: [REI] Plugins (3):
[20:59:25] [main/INFO]: [REI]  - (-100.00) DefaultPlugin of DefaultPlugin [roughlyenoughitems]
[20:59:25] [main/INFO]: [REI]  - (0.00) FabricFluidAPISupportPlugin
[20:59:25] [main/INFO]: [REI]  - (0.00) DefaultRuntimePlugin of DefaultRuntimePlugin [roughlyenoughitems]
[20:59:25] [main/INFO]: [REI] ----------------------------------------
[20:59:25] [main/INFO]: [REI] REIPlugin finished post-reload for END in 869.9 μs, totaling 47.67 ms.
[20:59:25] [main/INFO]: [REI] REIServerPlugin finished post-reload for END in 930.1 μs, totaling 18.79 ms.
[20:59:26] [main/INFO]: Applied 0 biome modifications to 0 of 63 new biomes in 1.927 ms
[20:59:26] [Server thread/INFO]: Starting minecraft server version 1.19.4
[20:59:26] [Server thread/INFO]: Loading properties
[20:59:26] [Server thread/INFO]: Default game type: SURVIVAL
[20:59:26] [Server thread/INFO]: Generating keypair
[20:59:26] [Server thread/INFO]: Starting Minecraft server on *:25565
[20:59:26] [Server thread/INFO]: Using epoll channel type
[20:59:26] [Server thread/WARN]: **** SERVER IS RUNNING IN OFFLINE/INSECURE MODE!
[20:59:26] [Server thread/WARN]: The server will make no attempt to authenticate usernames. Beware.
[20:59:26] [Server thread/WARN]: While this makes the game possible to play without internet access, it also opens up the ability for hackers to connect with any username they choose.
[20:59:26] [Server thread/WARN]: To change this, set "online-mode" to "true" in the server.properties file.
[20:59:26] [Server thread/INFO]: Preparing level "world"
[20:59:30] [Server thread/INFO]: Preparing start region for dimension minecraft:overworld
[20:59:36] [Worker-Main-3/INFO]: Preparing spawn area: 0%
[20:59:36] [Worker-Main-2/INFO]: Preparing spawn area: 0%
[20:59:36] [Worker-Main-2/INFO]: Preparing spawn area: 0%
[20:59:36] [Worker-Main-2/INFO]: Preparing spawn area: 0%
[20:59:36] [Worker-Main-2/INFO]: Preparing spawn area: 0%
[20:59:36] [Worker-Main-2/INFO]: Preparing spawn area: 0%
[20:59:36] [Worker-Main-2/INFO]: Preparing spawn area: 0%
[20:59:36] [Worker-Main-3/INFO]: Preparing spawn area: 0%
[20:59:36] [Worker-Main-3/INFO]: Preparing spawn area: 0%
[20:59:36] [Worker-Main-3/INFO]: Preparing spawn area: 0%
[20:59:36] [Worker-Main-3/INFO]: Preparing spawn area: 0%
[20:59:36] [Worker-Main-3/INFO]: Preparing spawn area: 0%
[20:59:36] [Worker-Main-3/INFO]: Preparing spawn area: 0%
[20:59:36] [Worker-Main-3/INFO]: Preparing spawn area: 0%
[20:59:37] [Worker-Main-3/INFO]: Preparing spawn area: 0%
[20:59:37] [Worker-Main-3/INFO]: Preparing spawn area: 31%
[20:59:38] [Worker-Main-2/INFO]: Preparing spawn area: 68%
[20:59:38] [Worker-Main-3/INFO]: Preparing spawn area: 88%
[20:59:39] [Server thread/INFO]: Time elapsed: 8916 ms
[20:59:39] [Server thread/INFO]: Done (12.629s)! For help, type "help"
[20:59:39] [Server thread/INFO]: Loading Xaero's World Map - Stage 2/2 (Server)
[20:59:42] [Server thread/INFO]: Pepesya[/[0:0:0:0:0:0:0:1%0]:51188] logged in with entity id 409 at (-31.30000001192093, 78.0, 99.840983210004)
[20:59:42] [Server thread/INFO]: Pepesya joined the game
[20:59:46] [Server thread/INFO]: Unknown or incomplete command, see below for error
[20:59:46] [Server thread/INFO]: bban Notch<--[HERE]
[20:59:50] [Server thread/INFO]: /advancement (grant|revoke)
[20:59:50] [Server thread/INFO]: /attribute <target> <attribute> (get|base|modifier)
[20:59:50] [Server thread/INFO]: /execute (run|if|unless|as|at|store|positioned|rotated|facing|align|anchored|in|summon|on)
[20:59:50] [Server thread/INFO]: /bossbar (add|remove|list|set|get)
[20:59:50] [Server thread/INFO]: /clear [<targets>]
[20:59:50] [Server thread/INFO]: /clone (<begin>|from)
[20:59:50] [Server thread/INFO]: /damage <target> <amount> [<damageType>]
[20:59:50] [Server thread/INFO]: /data (merge|get|remove|modify)
[20:59:50] [Server thread/INFO]: /datapack (enable|disable|list)
[20:59:50] [Server thread/INFO]: /debug (start|stop|function)
[20:59:50] [Server thread/INFO]: /defaultgamemode <gamemode>
[20:59:50] [Server thread/INFO]: /difficulty [peaceful|easy|normal|hard]
[20:59:50] [Server thread/INFO]: /effect (clear|give)
[20:59:50] [Server thread/INFO]: /me <action>
[20:59:50] [Server thread/INFO]: /enchant <targets> <enchantment> [<level>]
[20:59:50] [Server thread/INFO]: /experience (add|set|query)
[20:59:50] [Server thread/INFO]: /xp -> experience
[20:59:50] [Server thread/INFO]: /fill <from> <to> <block> [replace|keep|outline|hollow|destroy]
[20:59:50] [Server thread/INFO]: /fillbiome <from> <to> <biome> [replace]
[20:59:50] [Server thread/INFO]: /forceload (add|remove|query)
[20:59:50] [Server thread/INFO]: /function <name>
[20:59:50] [Server thread/INFO]: /gamemode <gamemode> [<target>]
[20:59:50] [Server thread/INFO]: /gamerule (announceAdvancements|blockExplosionDropDecay|commandBlockOutput|commandModificationBlockLimit|disableElytraMovementCheck|disableRaids|doDaylightCycle|doEntityDrops|doFireTick|doImmediateRespawn|doInsomnia|doLimitedCrafting|doMobLoot|doMobSpawning|doPatrolSpawning|doTileDrops|doTraderSpawning|doVinesSpread|doWardenSpawning|doWeatherCycle|drowningDamage|fallDamage|fireDamage|forgiveDeadPlayers|freezeDamage|globalSoundEvents|keepInventory|lavaSourceConversion|logAdminCommands|maxCommandChainLength|maxEntityCramming|mobExplosionDropDecay|mobGriefing|naturalRegeneration|playersSleepingPercentage|randomTickSpeed|reducedDebugInfo|sendCommandFeedback|showDeathMessages|snowAccumulationHeight|spawnRadius|spectatorsGenerateChunks|tntExplosionDropDecay|universalAnger|waterSourceConversion)
[20:59:50] [Server thread/INFO]: /give <targets> <item> [<count>]
[20:59:50] [Server thread/INFO]: /help [<command>]
[20:59:50] [Server thread/INFO]: /item (replace|modify)
[20:59:50] [Server thread/INFO]: /kick <targets> [<reason>]
[20:59:50] [Server thread/INFO]: /kill [<targets>]
[20:59:50] [Server thread/INFO]: /list [uuids]
[20:59:50] [Server thread/INFO]: /locate (structure|biome|poi)
[20:59:50] [Server thread/INFO]: /loot (replace|insert|give|spawn)
[20:59:50] [Server thread/INFO]: /msg <targets> <message>
[20:59:50] [Server thread/INFO]: /tell -> msg
[20:59:50] [Server thread/INFO]: /w -> msg
[20:59:50] [Server thread/INFO]: /particle <name> [<pos>]
[20:59:50] [Server thread/INFO]: /place (feature|jigsaw|structure|template)
[20:59:50] [Server thread/INFO]: /playsound <sound> (master|music|record|weather|block|hostile|neutral|player|ambient|voice)
[20:59:50] [Server thread/INFO]: /reload
[20:59:50] [Server thread/INFO]: /recipe (give|take)
[20:59:50] [Server thread/INFO]: /ride <target> (mount|dismount)
[20:59:50] [Server thread/INFO]: /say <message>
[20:59:50] [Server thread/INFO]: /schedule (function|clear)
[20:59:50] [Server thread/INFO]: /scoreboard (objectives|players)
[20:59:50] [Server thread/INFO]: /seed
[20:59:50] [Server thread/INFO]: /setblock <pos> <block> [destroy|keep|replace]
[20:59:50] [Server thread/INFO]: /spawnpoint [<targets>]
[20:59:50] [Server thread/INFO]: /setworldspawn [<pos>]
[20:59:50] [Server thread/INFO]: /spectate [<target>]
[20:59:50] [Server thread/INFO]: /spreadplayers <center> <spreadDistance> <maxRange> (<respectTeams>|under)
[20:59:50] [Server thread/INFO]: /stopsound <targets> [*|master|music|record|weather|block|hostile|neutral|player|ambient|voice]
[20:59:50] [Server thread/INFO]: /summon <entity> [<pos>]
[20:59:50] [Server thread/INFO]: /tag <targets> (add|remove|list)
[20:59:50] [Server thread/INFO]: /team (list|add|remove|empty|join|leave|modify)
[20:59:50] [Server thread/INFO]: /teammsg <message>
[20:59:50] [Server thread/INFO]: /tm -> teammsg
[20:59:50] [Server thread/INFO]: /teleport (<location>|<destination>|<targets>)
[20:59:50] [Server thread/INFO]: /tp -> teleport
[20:59:50] [Server thread/INFO]: /tellraw <targets> <message>
[20:59:50] [Server thread/INFO]: /time (set|add|query)
[20:59:50] [Server thread/INFO]: /title <targets> (clear|reset|title|subtitle|actionbar|times)
[20:59:50] [Server thread/INFO]: /trigger <objective> [add|set]
[20:59:50] [Server thread/INFO]: /weather (clear|rain|thunder)
[20:59:50] [Server thread/INFO]: /worldborder (add|set|center|damage|get|warning)
[20:59:50] [Server thread/INFO]: /jfr (start|stop)
[20:59:50] [Server thread/INFO]: /ban-ip <target> [<reason>]
[20:59:50] [Server thread/INFO]: /banlist [ips|players]
[20:59:50] [Server thread/INFO]: /ban <targets> [<reason>]
[20:59:50] [Server thread/INFO]: /deop <targets>
[20:59:50] [Server thread/INFO]: /op <targets>
[20:59:50] [Server thread/INFO]: /pardon <targets>
[20:59:50] [Server thread/INFO]: /pardon-ip <target>
[20:59:50] [Server thread/INFO]: /perf (start|stop)
[20:59:50] [Server thread/INFO]: /save-all [flush]
[20:59:50] [Server thread/INFO]: /save-off
[20:59:50] [Server thread/INFO]: /save-on
[20:59:50] [Server thread/INFO]: /setidletimeout <minutes>
[20:59:50] [Server thread/INFO]: /stop
[20:59:50] [Server thread/INFO]: /whitelist (on|off|list|add|remove|reload)
[20:59:52] [Server thread/INFO]: Vasiliy[/[0:0:0:0:0:0:0:1%0]:35008] logged in with entity id 450 at (93.55316346191879, 121.0, 48.97432359346693)
[20:59:52] [Server thread/INFO]: Vasiliy joined the game
[21:00:01] [Server thread/INFO]: Banned Notch: Banned by an operator.
[21:00:07] [Server thread/INFO]: max1k[/[0:0:0:0:0:0:0:1%0]:55510] logged in with entity id 520 at (124.64814912081047, 120.0, 122.6168138516258)
[21:00:07] [Server thread/INFO]: max1k joined the game
[21:00:40] [Server thread/INFO]: Disconnecting com.mojang.authlib.GameProfile@5121f24e[id=b50ad385-829d-3141-a216-7e7d7539ba7f,name=Notch,properties={},legacy=false] (/[0:0:0:0:0:0:0:1%0]:60464): You are banned from this server.
Reason: Banned by an operator.
[21:00:40] [Server thread/INFO]: com.mojang.authlib.GameProfile@5121f24e[id=b50ad385-829d-3141-a216-7e7d7539ba7f,name=Notch,properties={},legacy=false] (/[0:0:0:0:0:0:0:1%0]:60464) lost connection: You are banned from this server.
Reason: Banned by an operator.
[21:00:41] [Server thread/WARN]: handleDisconnection() called twice
[21:04:16] [Server thread/INFO]: [Not Secure] <Vasiliy> tp 1337 1453 00
[21:06:15] [Server thread/INFO]: Vasiliy fell from a high place
[21:10:33] [Server thread/INFO]: AllyGaming137[/[0:0:0:0:0:0:0:1%0]:49632] logged in with entity id 3465 at (6.5, 106.0, -2.5)
[21:10:33] [Server thread/INFO]: AllyGaming137 joined the game
[21:10:43] [Server thread/INFO]: [Not Secure] <AllyGaming137> hi
[21:10:48] [Server thread/INFO]: [Not Secure] <max1k> hi
[21:11:02] [Server thread/WARN]: AllyGaming137 moved wrongly!
[21:11:08] [Server thread/WARN]: AllyGaming137 moved wrongly!
[21:11:16] [Server thread/INFO]: [Not Secure] <max1k> how did you find the server?
[21:11:38] [Server thread/WARN]: AllyGaming137 moved wrongly!
[21:12:17] [Server thread/INFO]: [Not Secure] <AllyGaming137> my friend had a minecraft server and now all of a sudden this one is in my list
[21:12:29] [Server thread/INFO]: [Not Secure] <max1k> ??????
[21:12:35] [Server thread/INFO]: [Not Secure] <AllyGaming137> idk
[21:13:21] [Server thread/INFO]: [Not Secure] <max1k> was you a Notch?
[21:13:29] [Server thread/INFO]: [Not Secure] <AllyGaming137> notch?
[21:18:14] [Server thread/WARN]: AllyGaming137 moved wrongly!
[21:18:14] [Server thread/WARN]: AllyGaming137 moved wrongly!
[21:18:14] [Server thread/WARN]: AllyGaming137 moved wrongly!
[21:18:14] [Server thread/WARN]: AllyGaming137 moved wrongly!
[21:18:17] [Server thread/WARN]: AllyGaming137 moved wrongly!
[21:18:17] [Server thread/WARN]: AllyGaming137 moved wrongly!
[21:18:31] [Server thread/WARN]: AllyGaming137 moved wrongly!
[21:18:35] [Server thread/WARN]: AllyGaming137 moved wrongly!
[21:18:36] [Server thread/WARN]: AllyGaming137 moved wrongly!
[21:18:36] [Server thread/WARN]: AllyGaming137 moved wrongly!
[21:18:36] [Server thread/WARN]: AllyGaming137 moved wrongly!
[21:18:36] [Server thread/WARN]: AllyGaming137 moved wrongly!
[21:18:36] [Server thread/WARN]: AllyGaming137 moved wrongly!
[21:18:36] [Server thread/WARN]: AllyGaming137 moved wrongly!
[21:18:42] [Server thread/INFO]: AllyGaming137 lost connection: Disconnected
[21:18:42] [Server thread/INFO]: AllyGaming137 left the game
[21:20:41] [Server thread/INFO]: max1k was blown up by Creeper
[21:30:05] [Server thread/INFO]: Vasiliy lost connection: Disconnected
[21:30:05] [Server thread/INFO]: Vasiliy left the game
[21:57:51] [Server thread/INFO]: max1k lost connection: Disconnected
[21:57:51] [Server thread/INFO]: max1k left the game
[21:57:57] [Server thread/INFO]: Pepesya lost connection: Disconnected
[21:57:57] [Server thread/INFO]: Pepesya left the game
[21:58:09] [Server thread/INFO]: Stopping the server
[21:58:09] [Server thread/INFO]: Stopping server
[21:58:09] [Server thread/INFO]: Saving players
[21:58:09] [Server thread/INFO]: Saving worlds
[21:58:11] [Server thread/INFO]: Saving chunks for level 'ServerLevel[world]'/minecraft:overworld
[21:58:13] [Server thread/INFO]: Saving chunks for level 'ServerLevel[world]'/minecraft:the_end
[21:58:13] [Server thread/INFO]: Saving chunks for level 'ServerLevel[world]'/minecraft:the_nether
[21:58:13] [Server thread/INFO]: ThreadedAnvilChunkStorage (world): All chunks are saved
[21:58:13] [Server thread/INFO]: ThreadedAnvilChunkStorage (DIM1): All chunks are saved
[21:58:13] [Server thread/INFO]: ThreadedAnvilChunkStorage (DIM-1): All chunks are saved
[21:58:13] [Server thread/INFO]: ThreadedAnvilChunkStorage: All dimensions are saved
