[20:59:19] [main/INFO] ========================================
[20:59:19] [main/INFO] Minecraft: 1.19.4
[20:59:19] [main/INFO] Side: server
[20:59:19] [main/INFO] Development: false
[20:59:19] [main/INFO] Version: 11.0.597
[20:59:19] [main/INFO] Loader:
[20:59:19] [main/INFO] - Fabric: 0.14.19
[20:59:19] [main/INFO] - Fabric API: 0.80.0+1.19.4
[20:59:19] [main/INFO] Dependencies:
[20:59:19] [main/INFO] - Cloth Config: 10.0.96
[20:59:19] [main/INFO] - Architectury: 8.1.80
[20:59:19] [main/INFO] Mixin: 0.8.5
[20:59:19] [main/INFO] OS: Linux 5.4.0-1106-azure (amd64)
[20:59:19] [main/INFO] Java: 17.0.7 (Microsoft)
[20:59:19] [main/INFO] ========================================
[20:59:19] [main/INFO] Mods:
[20:59:19] [main/INFO] - appleskin: 2.4.3+mc1.19.4
[20:59:19] [main/INFO] - architectury: 8.1.80
[20:59:19] [main/INFO] - cloth-basic-math: 0.6.1
[20:59:19] [main/INFO] - cloth-config: 10.0.96
[20:59:19] [main/INFO] - cloth-config: 10.0.96
[20:59:19] [main/INFO] - error_notifier: 1.0.9
[20:59:19] [main/INFO] - fabric-api: 0.80.0+1.19.4
[20:59:19] [main/INFO] - fabric-api: 0.80.0+1.19.4
[20:59:19] [main/INFO] - fabric-api-base: 0.4.25+504944c8f4
[20:59:19] [main/INFO] - fabric-api-lookup-api-v1: 1.6.26+504944c8f4
[20:59:19] [main/INFO] - fabric-biome-api-v1: 13.0.8+348a9c64f4
[20:59:19] [main/INFO] - fabric-block-api-v1: 1.0.7+e022e5d1f4
[20:59:19] [main/INFO] - fabric-command-api-v1: 1.2.28+f71b366ff4
[20:59:19] [main/INFO] - fabric-command-api-v2: 2.2.7+504944c8f4
[20:59:19] [main/INFO] - fabric-commands-v0: 0.2.45+df3654b3f4
[20:59:19] [main/INFO] - fabric-containers-v0: 0.1.55+df3654b3f4
[20:59:19] [main/INFO] - fabric-content-registries-v0: 3.5.10+ae0966baf4
[20:59:19] [main/INFO] - fabric-convention-tags-v1: 1.4.2+9a7c5daaf4
[20:59:19] [main/INFO] - fabric-crash-report-info-v1: 0.2.16+aeb40ebef4
[20:59:19] [main/INFO] - fabric-data-generation-api-v1: 11.4.1+504944c8f4
[20:59:19] [main/INFO] - fabric-dimensions-v1: 2.1.46+7f87f8faf4
[20:59:19] [main/INFO] - fabric-entity-events-v1: 1.5.14+504944c8f4
[20:59:19] [main/INFO] - fabric-events-interaction-v0: 0.5.0+76ba65ebf4
[20:59:19] [main/INFO] - fabric-events-lifecycle-v0: 0.2.53+df3654b3f4
[20:59:19] [main/INFO] - fabric-game-rule-api-v1: 1.0.34+a1ccd7bff4
[20:59:19] [main/INFO] - fabric-item-api-v1: 2.1.18+504944c8f4
[20:59:19] [main/INFO] - fabric-item-group-api-v1: 3.0.6+043f9acff4
[20:59:19] [main/INFO] - fabric-lifecycle-events-v1: 2.2.16+504944c8f4
[20:59:19] [main/INFO] - fabric-loot-api-v2: 1.1.28+75e98211f4
[20:59:19] [main/INFO] - fabric-loot-tables-v1: 1.1.32+9e7660c6f4
[20:59:19] [main/INFO] - fabric-message-api-v1: 5.1.2+504944c8f4
[20:59:19] [main/INFO] - fabric-mining-level-api-v1: 2.1.40+49abcf7ef4
[20:59:19] [main/INFO] - fabric-networking-api-v1: 1.3.2+504944c8f4
[20:59:19] [main/INFO] - fabric-networking-v0: 0.3.42+df3654b3f4
[20:59:19] [main/INFO] - fabric-object-builder-api-v1: 7.0.4+504944c8f4
[20:59:19] [main/INFO] - fabric-particles-v1: 1.0.24+f1e4495bf4
[20:59:19] [main/INFO] - fabric-recipe-api-v1: 1.0.9+a1ccd7bff4
[20:59:19] [main/INFO] - fabric-registry-sync-v0: 2.2.1+504944c8f4
[20:59:19] [main/INFO] - fabric-rendering-data-attachment-v1: 0.3.29+afca2f3ef4
[20:59:19] [main/INFO] - fabric-rendering-fluids-v1: 3.0.22+504944c8f4
[20:59:19] [main/INFO] - fabric-resource-conditions-api-v1: 2.3.2+e6c7d4eef4
[20:59:19] [main/INFO] - fabric-resource-loader-v0: 0.11.3+1e1fb126f4
[20:59:19] [main/INFO] - fabric-screen-handler-api-v1: 1.3.21+504944c8f4
[20:59:19] [main/INFO] - fabric-transfer-api-v1: 3.1.2+504944c8f4
[20:59:19] [main/INFO] - fabric-transitive-access-wideners-v1: 3.0.4+504944c8f4
[20:59:19] [main/INFO] - fabricloader: 0.14.19
[20:59:19] [main/INFO] - java: 17
[20:59:19] [main/INFO] - minecraft: 1.19.4
[20:59:19] [main/INFO] - roughlyenoughitems: 11.0.597
[20:59:19] [main/INFO] - xaeroworldmap: 1.30.1
[20:59:19] [main/INFO] ========================================
[20:59:19] [main/INFO] [REI] Registered plugin provider DefaultPlugin [roughlyenoughitems] for REIPlugin
[20:59:19] [main/INFO] [REI] Registered plugin provider DefaultRuntimePlugin [roughlyenoughitems] for REIPlugin
[20:59:19] [main/INFO] [REI] Registered plugin provider DefaultPlugin [roughlyenoughitems] for REIServerPlugin
[20:59:19] [main/INFO] [REI] Registered plugin provider DefaultRuntimePlugin [roughlyenoughitems] for REIServerPlugin
[20:59:19] [main/INFO] [REI] Registered plugin provider FabricFluidAPISupportPlugin for REIServerPlugin
[20:59:19] [main/INFO] [REI] Registered plugin provider FabricFluidAPISupportPlugin for REIPlugin
[20:59:21] [Worker-Main-3/DEBUG] [REI] Processed 0 tags in 49.80 μs for minecraft:damage_type
[20:59:21] [Worker-Main-3/DEBUG] [REI] Processed 4 tags in 626.8 μs for minecraft:fluid
[20:59:21] [Worker-Main-1/DEBUG] [REI] Processed 159 tags in 1.213 ms for minecraft:item
[20:59:21] [Worker-Main-1/DEBUG] [REI] Processed 0 tags in 6.400 μs for minecraft:worldgen/flat_level_generator_preset
[20:59:21] [Worker-Main-1/DEBUG] [REI] Processed 3 tags in 65.60 μs for minecraft:point_of_interest_type
[20:59:21] [Worker-Main-1/DEBUG] [REI] Processed 26 tags in 332.9 μs for minecraft:entity_type
[20:59:21] [Worker-Main-1/DEBUG] [REI] Processed 0 tags in 9.801 μs for minecraft:worldgen/structure
[20:59:21] [Worker-Main-1/DEBUG] [REI] Processed 5 tags in 84.10 μs for minecraft:game_event
[20:59:21] [Worker-Main-1/DEBUG] [REI] Processed 3 tags in 19.80 μs for minecraft:instrument
[20:59:21] [Worker-Main-1/DEBUG] [REI] Processed 7 tags in 45.10 μs for minecraft:banner_pattern
[20:59:21] [Worker-Main-1/DEBUG] [REI] Processed 5 tags in 29.00 μs for minecraft:enchantment
[20:59:21] [Worker-Main-1/DEBUG] [REI] Processed 1 tags in 27.80 μs for minecraft:painting_variant
[20:59:21] [Worker-Main-1/DEBUG] [REI] Processed 2 tags in 20.10 μs for minecraft:cat_variant
[20:59:21] [Worker-Main-1/DEBUG] [REI] Processed 0 tags in 6.301 μs for minecraft:worldgen/world_preset
[20:59:21] [Worker-Main-2/DEBUG] [REI] Processed 182 tags in 1.581 ms for minecraft:block
[20:59:21] [Worker-Main-3/DEBUG] [REI] Processed 0 tags in 66.30 μs for minecraft:worldgen/biome
[20:59:25] [main/DEBUG] [REI] ========================================
[20:59:25] [main/DEBUG] [REI] REIPlugin starting pre-reload for START.
[20:59:25] [main/DEBUG] [REI] Reloadables (7):
[20:59:25] [main/DEBUG] [REI]  - EntryTypeRegistryImpl
[20:59:25] [main/DEBUG] [REI]  - EntrySettingsAdapterRegistryImpl
[20:59:25] [main/DEBUG] [REI]  - RecipeManagerContextImpl
[20:59:25] [main/DEBUG] [REI]  - ItemComparatorRegistryImpl
[20:59:25] [main/DEBUG] [REI]  - FluidComparatorRegistryImpl
[20:59:25] [main/DEBUG] [REI]  - DisplaySerializerRegistryImpl
[20:59:25] [main/DEBUG] [REI]  - FluidSupportProviderImpl
[20:59:25] [main/DEBUG] [REI] Plugins (3):
[20:59:25] [main/DEBUG] [REI]  - (-100.00) DefaultPlugin of DefaultPlugin [roughlyenoughitems]
[20:59:25] [main/DEBUG] [REI]  - (0.00) FabricFluidAPISupportPlugin
[20:59:25] [main/DEBUG] [REI]  - (0.00) DefaultRuntimePlugin of DefaultRuntimePlugin [roughlyenoughitems]
[20:59:25] [main/DEBUG] [REI] ========================================
[20:59:25] [main/TRACE] [REI] [REIPlugin START] Reloading Section: "pre-register/"
[20:59:25] [main/TRACE] [REI] [REIPlugin START] Reloading Section: "pre-register/DefaultPlugin of DefaultPlugin [roughlyenoughitems]/"
[20:59:25] [main/TRACE] [REI] [REIPlugin START] Reloading Section: "pre-register/DefaultPlugin of DefaultPlugin [roughlyenoughitems]/" done in 1.286 ms
[20:59:25] [main/TRACE] [REI] [REIPlugin START] Reloading Section: "pre-register/FabricFluidAPISupportPlugin/"
[20:59:25] [main/TRACE] [REI] [REIPlugin START] Reloading Section: "pre-register/FabricFluidAPISupportPlugin/" done in 17.20 μs
[20:59:25] [main/TRACE] [REI] [REIPlugin START] Reloading Section: "pre-register/DefaultRuntimePlugin of DefaultRuntimePlugin [roughlyenoughitems]/"
[20:59:25] [main/TRACE] [REI] [REIPlugin START] Reloading Section: "pre-register/DefaultRuntimePlugin of DefaultRuntimePlugin [roughlyenoughitems]/" done in 14.50 μs
[20:59:25] [main/TRACE] [REI] [REIPlugin START] Reloading Section: "pre-register/" done in 16.04 ms
[20:59:25] [main/DEBUG] [REI] ========================================
[20:59:25] [main/DEBUG] [REI] REIPlugin finished pre-reload for START in 17.56 ms.
[20:59:25] [main/DEBUG] [REI] ========================================
[20:59:25] [main/DEBUG] [REI] ========================================
[20:59:25] [main/DEBUG] [REI] REIServerPlugin starting pre-reload for START.
[20:59:25] [main/DEBUG] [REI] Reloadables (1):
[20:59:25] [main/DEBUG] [REI]  - MenuInfoRegistryImpl
[20:59:25] [main/DEBUG] [REI] Plugins (3):
[20:59:25] [main/DEBUG] [REI]  - (-100.00) DefaultPlugin of DefaultPlugin [roughlyenoughitems]
[20:59:25] [main/DEBUG] [REI]  - (0.00) FabricFluidAPISupportPlugin
[20:59:25] [main/DEBUG] [REI]  - (0.00) DefaultRuntimePlugin of DefaultRuntimePlugin [roughlyenoughitems]
[20:59:25] [main/DEBUG] [REI] ========================================
[20:59:25] [main/TRACE] [REI] [REIServerPlugin START] Reloading Section: "pre-register/"
[20:59:25] [main/TRACE] [REI] [REIServerPlugin START] Reloading Section: "pre-register/DefaultPlugin of DefaultPlugin [roughlyenoughitems]/"
[20:59:25] [main/TRACE] [REI] [REIServerPlugin START] Reloading Section: "pre-register/DefaultPlugin of DefaultPlugin [roughlyenoughitems]/" done in 21.70 μs
[20:59:25] [main/TRACE] [REI] [REIServerPlugin START] Reloading Section: "pre-register/FabricFluidAPISupportPlugin/"
[20:59:25] [main/TRACE] [REI] [REIServerPlugin START] Reloading Section: "pre-register/FabricFluidAPISupportPlugin/" done in 20.30 μs
[20:59:25] [main/TRACE] [REI] [REIServerPlugin START] Reloading Section: "pre-register/DefaultRuntimePlugin of DefaultRuntimePlugin [roughlyenoughitems]/"
[20:59:25] [main/TRACE] [REI] [REIServerPlugin START] Reloading Section: "pre-register/DefaultRuntimePlugin of DefaultRuntimePlugin [roughlyenoughitems]/" done in 14.50 μs
[20:59:25] [main/TRACE] [REI] [REIServerPlugin START] Reloading Section: "pre-register/" done in 1.083 ms
[20:59:25] [main/DEBUG] [REI] ========================================
[20:59:25] [main/DEBUG] [REI] REIServerPlugin finished pre-reload for START in 1.358 ms.
[20:59:25] [main/DEBUG] [REI] ========================================
[20:59:25] [main/INFO] [REI] %%%%%%%%%%%%%%%%%%%%%%%%%%%%%%%%%%%%%%%%
[20:59:25] [main/INFO] [REI] REIPlugin starting main-reload for START.
[20:59:25] [main/DEBUG] [REI] Reloadables (7):
[20:59:25] [main/DEBUG] [REI]  - EntryTypeRegistryImpl
[20:59:25] [main/DEBUG] [REI]  - EntrySettingsAdapterRegistryImpl
[20:59:25] [main/DEBUG] [REI]  - RecipeManagerContextImpl
[20:59:25] [main/DEBUG] [REI]  - ItemComparatorRegistryImpl
[20:59:25] [main/DEBUG] [REI]  - FluidComparatorRegistryImpl
[20:59:25] [main/DEBUG] [REI]  - DisplaySerializerRegistryImpl
[20:59:25] [main/DEBUG] [REI]  - FluidSupportProviderImpl
[20:59:25] [main/INFO] [REI] Plugins (3):
[20:59:25] [main/INFO] [REI]  - (-100.00) DefaultPlugin of DefaultPlugin [roughlyenoughitems]
[20:59:25] [main/INFO] [REI]  - (0.00) FabricFluidAPISupportPlugin
[20:59:25] [main/INFO] [REI]  - (0.00) DefaultRuntimePlugin of DefaultRuntimePlugin [roughlyenoughitems]
[20:59:25] [main/INFO] [REI] %%%%%%%%%%%%%%%%%%%%%%%%%%%%%%%%%%%%%%%%
[20:59:25] [main/TRACE] [REI] [REIPlugin START] Reloading Section: "start-reload/"
[20:59:25] [main/TRACE] [REI] [REIPlugin START] Reloading Section: "start-reload/EntryTypeRegistryImpl/"
[20:59:25] [main/TRACE] [REI] [REIPlugin START] Reloading Section: "start-reload/EntryTypeRegistryImpl/" done in 391.2 μs
[20:59:25] [main/TRACE] [REI] [REIPlugin START] Reloading Section: "start-reload/EntrySettingsAdapterRegistryImpl/"
[20:59:25] [main/TRACE] [REI] [REIPlugin START] Reloading Section: "start-reload/EntrySettingsAdapterRegistryImpl/" done in 20.40 μs
[20:59:25] [main/TRACE] [REI] [REIPlugin START] Reloading Section: "start-reload/RecipeManagerContextImpl/"
[20:59:25] [main/TRACE] [REI] [REIPlugin START] Reloading Section: "start-reload/RecipeManagerContextImpl/" done in 11.20 μs
[20:59:25] [main/TRACE] [REI] [REIPlugin START] Reloading Section: "start-reload/ItemComparatorRegistryImpl/"
[20:59:25] [main/TRACE] [REI] [REIPlugin START] Reloading Section: "start-reload/ItemComparatorRegistryImpl/" done in 38.00 μs
[20:59:25] [main/TRACE] [REI] [REIPlugin START] Reloading Section: "start-reload/FluidComparatorRegistryImpl/"
[20:59:25] [main/TRACE] [REI] [REIPlugin START] Reloading Section: "start-reload/FluidComparatorRegistryImpl/" done in 15.60 μs
[20:59:25] [main/TRACE] [REI] [REIPlugin START] Reloading Section: "start-reload/DisplaySerializerRegistryImpl/"
[20:59:25] [main/TRACE] [REI] [REIPlugin START] Reloading Section: "start-reload/DisplaySerializerRegistryImpl/" done in 12.50 μs
[20:59:25] [main/TRACE] [REI] [REIPlugin START] Reloading Section: "start-reload/FluidSupportProviderImpl/"
[20:59:25] [main/TRACE] [REI] [REIPlugin START] Reloading Section: "start-reload/FluidSupportProviderImpl/" done in 31.20 μs
[20:59:25] [main/TRACE] [REI] [REIPlugin START] Reloading Section: "start-reload/" done in 2.959 ms
[20:59:25] [main/DEBUG] [REI] ========================================
[20:59:25] [main/DEBUG] [REI] REIPlugin started main-reload for START.
[20:59:25] [main/DEBUG] [REI] ========================================
[20:59:25] [main/TRACE] [REI] [REIPlugin START] Reloading Section: "reloadable-plugin/EntryTypeRegistryImpl/"
[20:59:25] [main/TRACE] [REI] [REIPlugin START] Reloading Section: "reloadable-plugin/EntryTypeRegistryImpl/DefaultPlugin of DefaultPlugin [roughlyenoughitems]/"
[20:59:25] [main/TRACE] [REI] [REIPlugin START] Reloading Section: "reloadable-plugin/EntryTypeRegistryImpl/DefaultPlugin of DefaultPlugin [roughlyenoughitems]/" done in 270.0 μs
[20:59:25] [main/TRACE] [REI] [REIPlugin START] Reloading Section: "reloadable-plugin/EntryTypeRegistryImpl/FabricFluidAPISupportPlugin/"
[20:59:25] [main/TRACE] [REI] [REIPlugin START] Reloading Section: "reloadable-plugin/EntryTypeRegistryImpl/FabricFluidAPISupportPlugin/" done in 22.60 μs
[20:59:25] [main/TRACE] [REI] [REIPlugin START] Reloading Section: "reloadable-plugin/EntryTypeRegistryImpl/DefaultRuntimePlugin of DefaultRuntimePlugin [roughlyenoughitems]/"
[20:59:25] [main/TRACE] [REI] [REIPlugin START] Reloading Section: "reloadable-plugin/EntryTypeRegistryImpl/DefaultRuntimePlugin of DefaultRuntimePlugin [roughlyenoughitems]/" done in 9.229 ms
[20:59:25] [main/TRACE] [REI] [REIPlugin START] Reloading Section: "reloadable-plugin/EntryTypeRegistryImpl/" done in 11.32 ms
[20:59:25] [main/TRACE] [REI] [REIPlugin START] Reloading Section: "reloadable-plugin/EntrySettingsAdapterRegistryImpl/"
[20:59:25] [main/TRACE] [REI] [REIPlugin START] Reloading Section: "reloadable-plugin/EntrySettingsAdapterRegistryImpl/DefaultPlugin of DefaultPlugin [roughlyenoughitems]/"
[20:59:25] [main/TRACE] [REI] [REIPlugin START] Reloading Section: "reloadable-plugin/EntrySettingsAdapterRegistryImpl/DefaultPlugin of DefaultPlugin [roughlyenoughitems]/" done in 21.90 μs
[20:59:25] [main/TRACE] [REI] [REIPlugin START] Reloading Section: "reloadable-plugin/EntrySettingsAdapterRegistryImpl/FabricFluidAPISupportPlugin/"
[20:59:25] [main/TRACE] [REI] [REIPlugin START] Reloading Section: "reloadable-plugin/EntrySettingsAdapterRegistryImpl/FabricFluidAPISupportPlugin/" done in 21.50 μs
[20:59:25] [main/TRACE] [REI] [REIPlugin START] Reloading Section: "reloadable-plugin/EntrySettingsAdapterRegistryImpl/DefaultRuntimePlugin of DefaultRuntimePlugin [roughlyenoughitems]/"
[20:59:25] [main/TRACE] [REI] [REIPlugin START] Reloading Section: "reloadable-plugin/EntrySettingsAdapterRegistryImpl/DefaultRuntimePlugin of DefaultRuntimePlugin [roughlyenoughitems]/" done in 19.30 μs
[20:59:25] [main/TRACE] [REI] [REIPlugin START] Reloading Section: "reloadable-plugin/EntrySettingsAdapterRegistryImpl/" done in 1.077 ms
[20:59:25] [main/TRACE] [REI] [REIPlugin START] Reloading Section: "reloadable-plugin/RecipeManagerContextImpl/"
[20:59:25] [main/TRACE] [REI] [REIPlugin START] Reloading Section: "reloadable-plugin/RecipeManagerContextImpl/DefaultPlugin of DefaultPlugin [roughlyenoughitems]/"
[20:59:25] [main/TRACE] [REI] [REIPlugin START] Reloading Section: "reloadable-plugin/RecipeManagerContextImpl/DefaultPlugin of DefaultPlugin [roughlyenoughitems]/" done in 18.30 μs
[20:59:25] [main/TRACE] [REI] [REIPlugin START] Reloading Section: "reloadable-plugin/RecipeManagerContextImpl/FabricFluidAPISupportPlugin/"
[20:59:25] [main/TRACE] [REI] [REIPlugin START] Reloading Section: "reloadable-plugin/RecipeManagerContextImpl/FabricFluidAPISupportPlugin/" done in 19.70 μs
[20:59:25] [main/TRACE] [REI] [REIPlugin START] Reloading Section: "reloadable-plugin/RecipeManagerContextImpl/DefaultRuntimePlugin of DefaultRuntimePlugin [roughlyenoughitems]/"
[20:59:25] [main/TRACE] [REI] [REIPlugin START] Reloading Section: "reloadable-plugin/RecipeManagerContextImpl/DefaultRuntimePlugin of DefaultRuntimePlugin [roughlyenoughitems]/" done in 19.80 μs
[20:59:25] [main/TRACE] [REI] [REIPlugin START] Reloading Section: "reloadable-plugin/RecipeManagerContextImpl/" done in 1.190 ms
[20:59:25] [main/TRACE] [REI] [REIPlugin START] Reloading Section: "reloadable-plugin/ItemComparatorRegistryImpl/"
[20:59:25] [main/TRACE] [REI] [REIPlugin START] Reloading Section: "reloadable-plugin/ItemComparatorRegistryImpl/DefaultPlugin of DefaultPlugin [roughlyenoughitems]/"
[20:59:25] [main/TRACE] [REI] [REIPlugin START] Reloading Section: "reloadable-plugin/ItemComparatorRegistryImpl/DefaultPlugin of DefaultPlugin [roughlyenoughitems]/" done in 814.4 μs
[20:59:25] [main/TRACE] [REI] [REIPlugin START] Reloading Section: "reloadable-plugin/ItemComparatorRegistryImpl/FabricFluidAPISupportPlugin/"
[20:59:25] [main/TRACE] [REI] [REIPlugin START] Reloading Section: "reloadable-plugin/ItemComparatorRegistryImpl/FabricFluidAPISupportPlugin/" done in 23.30 μs
[20:59:25] [main/TRACE] [REI] [REIPlugin START] Reloading Section: "reloadable-plugin/ItemComparatorRegistryImpl/DefaultRuntimePlugin of DefaultRuntimePlugin [roughlyenoughitems]/"
[20:59:25] [main/TRACE] [REI] [REIPlugin START] Reloading Section: "reloadable-plugin/ItemComparatorRegistryImpl/DefaultRuntimePlugin of DefaultRuntimePlugin [roughlyenoughitems]/" done in 20.60 μs
[20:59:25] [main/TRACE] [REI] [REIPlugin START] Reloading Section: "reloadable-plugin/ItemComparatorRegistryImpl/" done in 1.895 ms
[20:59:25] [main/TRACE] [REI] [REIPlugin START] Reloading Section: "reloadable-plugin/FluidComparatorRegistryImpl/"
[20:59:25] [main/TRACE] [REI] [REIPlugin START] Reloading Section: "reloadable-plugin/FluidComparatorRegistryImpl/DefaultPlugin of DefaultPlugin [roughlyenoughitems]/"
[20:59:25] [main/TRACE] [REI] [REIPlugin START] Reloading Section: "reloadable-plugin/FluidComparatorRegistryImpl/DefaultPlugin of DefaultPlugin [roughlyenoughitems]/" done in 31.10 μs
[20:59:25] [main/TRACE] [REI] [REIPlugin START] Reloading Section: "reloadable-plugin/FluidComparatorRegistryImpl/FabricFluidAPISupportPlugin/"
[20:59:25] [main/TRACE] [REI] [REIPlugin START] Reloading Section: "reloadable-plugin/FluidComparatorRegistryImpl/FabricFluidAPISupportPlugin/" done in 19.90 μs
[20:59:25] [main/TRACE] [REI] [REIPlugin START] Reloading Section: "reloadable-plugin/FluidComparatorRegistryImpl/DefaultRuntimePlugin of DefaultRuntimePlugin [roughlyenoughitems]/"
[20:59:25] [main/TRACE] [REI] [REIPlugin START] Reloading Section: "reloadable-plugin/FluidComparatorRegistryImpl/DefaultRuntimePlugin of DefaultRuntimePlugin [roughlyenoughitems]/" done in 20.20 μs
[20:59:25] [main/TRACE] [REI] [REIPlugin START] Reloading Section: "reloadable-plugin/FluidComparatorRegistryImpl/" done in 1.063 ms
[20:59:25] [main/TRACE] [REI] [REIPlugin START] Reloading Section: "reloadable-plugin/DisplaySerializerRegistryImpl/"
[20:59:25] [main/TRACE] [REI] [REIPlugin START] Reloading Section: "reloadable-plugin/DisplaySerializerRegistryImpl/DefaultPlugin of DefaultPlugin [roughlyenoughitems]/"
[20:59:25] [main/TRACE] [REI] [REIPlugin START] Reloading Section: "reloadable-plugin/DisplaySerializerRegistryImpl/DefaultPlugin of DefaultPlugin [roughlyenoughitems]/" done in 17.10 μs
[20:59:25] [main/TRACE] [REI] [REIPlugin START] Reloading Section: "reloadable-plugin/DisplaySerializerRegistryImpl/FabricFluidAPISupportPlugin/"
[20:59:25] [main/TRACE] [REI] [REIPlugin START] Reloading Section: "reloadable-plugin/DisplaySerializerRegistryImpl/FabricFluidAPISupportPlugin/" done in 18.20 μs
[20:59:25] [main/TRACE] [REI] [REIPlugin START] Reloading Section: "reloadable-plugin/DisplaySerializerRegistryImpl/DefaultRuntimePlugin of DefaultRuntimePlugin [roughlyenoughitems]/"
[20:59:25] [main/TRACE] [REI] [REIPlugin START] Reloading Section: "reloadable-plugin/DisplaySerializerRegistryImpl/DefaultRuntimePlugin of DefaultRuntimePlugin [roughlyenoughitems]/" done in 22.90 μs
[20:59:25] [main/TRACE] [REI] [REIPlugin START] Reloading Section: "reloadable-plugin/DisplaySerializerRegistryImpl/" done in 981.0 μs
[20:59:25] [main/TRACE] [REI] [REIPlugin START] Reloading Section: "reloadable-plugin/FluidSupportProviderImpl/"
[20:59:25] [main/TRACE] [REI] [REIPlugin START] Reloading Section: "reloadable-plugin/FluidSupportProviderImpl/DefaultPlugin of DefaultPlugin [roughlyenoughitems]/"
[20:59:25] [main/TRACE] [REI] [REIPlugin START] Reloading Section: "reloadable-plugin/FluidSupportProviderImpl/DefaultPlugin of DefaultPlugin [roughlyenoughitems]/" done in 592.7 μs
[20:59:25] [main/TRACE] [REI] [REIPlugin START] Reloading Section: "reloadable-plugin/FluidSupportProviderImpl/FabricFluidAPISupportPlugin/"
[20:59:25] [main/TRACE] [REI] [REIPlugin START] Reloading Section: "reloadable-plugin/FluidSupportProviderImpl/FabricFluidAPISupportPlugin/" done in 238.4 μs
[20:59:25] [main/TRACE] [REI] [REIPlugin START] Reloading Section: "reloadable-plugin/FluidSupportProviderImpl/DefaultRuntimePlugin of DefaultRuntimePlugin [roughlyenoughitems]/"
[20:59:25] [main/TRACE] [REI] [REIPlugin START] Reloading Section: "reloadable-plugin/FluidSupportProviderImpl/DefaultRuntimePlugin of DefaultRuntimePlugin [roughlyenoughitems]/" done in 22.70 μs
[20:59:25] [main/TRACE] [REI] [REIPlugin START] Reloading Section: "reloadable-plugin/FluidSupportProviderImpl/" done in 1.885 ms
[20:59:25] [main/DEBUG] [REI] ========================================
[20:59:25] [main/DEBUG] [REI] REIPlugin ending main-reload for START.
[20:59:25] [main/DEBUG] [REI] ========================================
[20:59:25] [main/TRACE] [REI] [REIPlugin START] Reloading Section: "end-reload/"
[20:59:25] [main/TRACE] [REI] [REIPlugin START] Reloading Section: "end-reload/EntryTypeRegistryImpl/"
[20:59:25] [main/TRACE] [REI] [REIPlugin START] Reloading Section: "end-reload/EntryTypeRegistryImpl/" done in 21.10 μs
[20:59:25] [main/TRACE] [REI] [REIPlugin START] Reloading Section: "end-reload/EntrySettingsAdapterRegistryImpl/"
[20:59:25] [main/TRACE] [REI] [REIPlugin START] Reloading Section: "end-reload/EntrySettingsAdapterRegistryImpl/" done in 11.60 μs
[20:59:25] [main/TRACE] [REI] [REIPlugin START] Reloading Section: "end-reload/RecipeManagerContextImpl/"
[20:59:25] [main/TRACE] [REI] [REIPlugin START] Reloading Section: "end-reload/RecipeManagerContextImpl/" done in 8.700 μs
[20:59:25] [main/TRACE] [REI] [REIPlugin START] Reloading Section: "end-reload/ItemComparatorRegistryImpl/"
[20:59:25] [main/TRACE] [REI] [REIPlugin START] Reloading Section: "end-reload/ItemComparatorRegistryImpl/" done in 14.80 μs
[20:59:25] [main/TRACE] [REI] [REIPlugin START] Reloading Section: "end-reload/FluidComparatorRegistryImpl/"
[20:59:25] [main/TRACE] [REI] [REIPlugin START] Reloading Section: "end-reload/FluidComparatorRegistryImpl/" done in 11.40 μs
[20:59:25] [main/TRACE] [REI] [REIPlugin START] Reloading Section: "end-reload/DisplaySerializerRegistryImpl/"
[20:59:25] [main/TRACE] [REI] [REIPlugin START] Reloading Section: "end-reload/DisplaySerializerRegistryImpl/" done in 11.20 μs
[20:59:25] [main/TRACE] [REI] [REIPlugin START] Reloading Section: "end-reload/FluidSupportProviderImpl/"
[20:59:25] [main/TRACE] [REI] [REIPlugin START] Reloading Section: "end-reload/FluidSupportProviderImpl/" done in 10.40 μs
[20:59:25] [main/TRACE] [REI] [REIPlugin START] Reloading Section: "end-reload/" done in 2.063 ms
[20:59:25] [main/DEBUG] [REI] ========================================
[20:59:25] [main/DEBUG] [REI] REIPlugin ended main-reload for START in 32.48 ms.
[20:59:25] [main/DEBUG] [REI] ========================================
[20:59:25] [main/INFO] [REI] %%%%%%%%%%%%%%%%%%%%%%%%%%%%%%%%%%%%%%%%
[20:59:25] [main/INFO] [REI] REIServerPlugin starting main-reload for START.
[20:59:25] [main/DEBUG] [REI] Reloadables (1):
[20:59:25] [main/DEBUG] [REI]  - MenuInfoRegistryImpl
[20:59:25] [main/INFO] [REI] Plugins (3):
[20:59:25] [main/INFO] [REI]  - (-100.00) DefaultPlugin of DefaultPlugin [roughlyenoughitems]
[20:59:25] [main/INFO] [REI]  - (0.00) FabricFluidAPISupportPlugin
[20:59:25] [main/INFO] [REI]  - (0.00) DefaultRuntimePlugin of DefaultRuntimePlugin [roughlyenoughitems]
[20:59:25] [main/INFO] [REI] %%%%%%%%%%%%%%%%%%%%%%%%%%%%%%%%%%%%%%%%
[20:59:25] [main/TRACE] [REI] [REIServerPlugin START] Reloading Section: "start-reload/"
[20:59:25] [main/TRACE] [REI] [REIServerPlugin START] Reloading Section: "start-reload/MenuInfoRegistryImpl/"
[20:59:25] [main/TRACE] [REI] [REIServerPlugin START] Reloading Section: "start-reload/MenuInfoRegistryImpl/" done in 13.50 μs
[20:59:25] [main/TRACE] [REI] [REIServerPlugin START] Reloading Section: "start-reload/" done in 282.7 μs
[20:59:25] [main/DEBUG] [REI] ========================================
[20:59:25] [main/DEBUG] [REI] REIServerPlugin started main-reload for START.
[20:59:25] [main/DEBUG] [REI] ========================================
[20:59:25] [main/TRACE] [REI] [REIServerPlugin START] Reloading Section: "reloadable-plugin/MenuInfoRegistryImpl/"
[20:59:25] [main/TRACE] [REI] [REIServerPlugin START] Reloading Section: "reloadable-plugin/MenuInfoRegistryImpl/DefaultPlugin of DefaultPlugin [roughlyenoughitems]/"
[20:59:25] [main/TRACE] [REI] [REIServerPlugin START] Reloading Section: "reloadable-plugin/MenuInfoRegistryImpl/DefaultPlugin of DefaultPlugin [roughlyenoughitems]/" done in 21.20 μs
[20:59:25] [main/TRACE] [REI] [REIServerPlugin START] Reloading Section: "reloadable-plugin/MenuInfoRegistryImpl/FabricFluidAPISupportPlugin/"
[20:59:25] [main/TRACE] [REI] [REIServerPlugin START] Reloading Section: "reloadable-plugin/MenuInfoRegistryImpl/FabricFluidAPISupportPlugin/" done in 18.30 μs
[20:59:25] [main/TRACE] [REI] [REIServerPlugin START] Reloading Section: "reloadable-plugin/MenuInfoRegistryImpl/DefaultRuntimePlugin of DefaultRuntimePlugin [roughlyenoughitems]/"
[20:59:25] [main/TRACE] [REI] [REIServerPlugin START] Reloading Section: "reloadable-plugin/MenuInfoRegistryImpl/DefaultRuntimePlugin of DefaultRuntimePlugin [roughlyenoughitems]/" done in 15.80 μs
[20:59:25] [main/TRACE] [REI] [REIServerPlugin START] Reloading Section: "reloadable-plugin/MenuInfoRegistryImpl/" done in 920.9 μs
[20:59:25] [main/DEBUG] [REI] ========================================
[20:59:25] [main/DEBUG] [REI] REIServerPlugin ending main-reload for START.
[20:59:25] [main/DEBUG] [REI] ========================================
[20:59:25] [main/TRACE] [REI] [REIServerPlugin START] Reloading Section: "end-reload/"
[20:59:25] [main/TRACE] [REI] [REIServerPlugin START] Reloading Section: "end-reload/MenuInfoRegistryImpl/"
[20:59:25] [main/TRACE] [REI] [REIServerPlugin START] Reloading Section: "end-reload/MenuInfoRegistryImpl/" done in 11.70 μs
[20:59:25] [main/TRACE] [REI] [REIServerPlugin START] Reloading Section: "end-reload/" done in 251.7 μs
[20:59:25] [main/DEBUG] [REI] ========================================
[20:59:25] [main/DEBUG] [REI] REIServerPlugin ended main-reload for START in 7.428 ms.
[20:59:25] [main/DEBUG] [REI] ========================================
[20:59:25] [main/DEBUG] [REI] ========================================
[20:59:25] [main/DEBUG] [REI] REIPlugin starting post-reload for START.
[20:59:25] [main/DEBUG] [REI] Reloadables (7):
[20:59:25] [main/DEBUG] [REI]  - EntryTypeRegistryImpl
[20:59:25] [main/DEBUG] [REI]  - EntrySettingsAdapterRegistryImpl
[20:59:25] [main/DEBUG] [REI]  - RecipeManagerContextImpl
[20:59:25] [main/DEBUG] [REI]  - ItemComparatorRegistryImpl
[20:59:25] [main/DEBUG] [REI]  - FluidComparatorRegistryImpl
[20:59:25] [main/DEBUG] [REI]  - DisplaySerializerRegistryImpl
[20:59:25] [main/DEBUG] [REI]  - FluidSupportProviderImpl
[20:59:25] [main/DEBUG] [REI] Plugins (3):
[20:59:25] [main/DEBUG] [REI]  - (-100.00) DefaultPlugin of DefaultPlugin [roughlyenoughitems]
[20:59:25] [main/DEBUG] [REI]  - (0.00) FabricFluidAPISupportPlugin
[20:59:25] [main/DEBUG] [REI]  - (0.00) DefaultRuntimePlugin of DefaultRuntimePlugin [roughlyenoughitems]
[20:59:25] [main/DEBUG] [REI] ========================================
[20:59:25] [main/TRACE] [REI] [REIPlugin START] Reloading Section: "post-register/"
[20:59:25] [main/TRACE] [REI] [REIPlugin START] Reloading Section: "post-register/DefaultPlugin of DefaultPlugin [roughlyenoughitems]/"
[20:59:25] [main/TRACE] [REI] [REIPlugin START] Reloading Section: "post-register/DefaultPlugin of DefaultPlugin [roughlyenoughitems]/" done in 226.2 μs
[20:59:25] [main/TRACE] [REI] [REIPlugin START] Reloading Section: "post-register/FabricFluidAPISupportPlugin/"
[20:59:25] [main/TRACE] [REI] [REIPlugin START] Reloading Section: "post-register/FabricFluidAPISupportPlugin/" done in 14.40 μs
[20:59:25] [main/TRACE] [REI] [REIPlugin START] Reloading Section: "post-register/DefaultRuntimePlugin of DefaultRuntimePlugin [roughlyenoughitems]/"
[20:59:25] [main/TRACE] [REI] [REIPlugin START] Reloading Section: "post-register/DefaultRuntimePlugin of DefaultRuntimePlugin [roughlyenoughitems]/" done in 12.60 μs
[20:59:25] [main/TRACE] [REI] [REIPlugin START] Reloading Section: "post-register/" done in 1.307 ms
[20:59:25] [main/DEBUG] [REI] ========================================
[20:59:25] [main/INFO] [REI] REIPlugin finished post-reload for START in 1.503 ms, totaling 51.50 ms.
[20:59:25] [main/DEBUG] [REI] ========================================
[20:59:25] [main/DEBUG] [REI] ========================================
[20:59:25] [main/DEBUG] [REI] REIServerPlugin starting post-reload for START.
[20:59:25] [main/DEBUG] [REI] Reloadables (1):
[20:59:25] [main/DEBUG] [REI]  - MenuInfoRegistryImpl
[20:59:25] [main/DEBUG] [REI] Plugins (3):
[20:59:25] [main/DEBUG] [REI]  - (-100.00) DefaultPlugin of DefaultPlugin [roughlyenoughitems]
[20:59:25] [main/DEBUG] [REI]  - (0.00) FabricFluidAPISupportPlugin
[20:59:25] [main/DEBUG] [REI]  - (0.00) DefaultRuntimePlugin of DefaultRuntimePlugin [roughlyenoughitems]
[20:59:25] [main/DEBUG] [REI] ========================================
[20:59:25] [main/TRACE] [REI] [REIServerPlugin START] Reloading Section: "post-register/"
[20:59:25] [main/TRACE] [REI] [REIServerPlugin START] Reloading Section: "post-register/DefaultPlugin of DefaultPlugin [roughlyenoughitems]/"
[20:59:25] [main/TRACE] [REI] [REIServerPlugin START] Reloading Section: "post-register/DefaultPlugin of DefaultPlugin [roughlyenoughitems]/" done in 14.00 μs
[20:59:25] [main/TRACE] [REI] [REIServerPlugin START] Reloading Section: "post-register/FabricFluidAPISupportPlugin/"
[20:59:25] [main/TRACE] [REI] [REIServerPlugin START] Reloading Section: "post-register/FabricFluidAPISupportPlugin/" done in 13.00 μs
[20:59:25] [main/TRACE] [REI] [REIServerPlugin START] Reloading Section: "post-register/DefaultRuntimePlugin of DefaultRuntimePlugin [roughlyenoughitems]/"
[20:59:25] [main/TRACE] [REI] [REIServerPlugin START] Reloading Section: "post-register/DefaultRuntimePlugin of DefaultRuntimePlugin [roughlyenoughitems]/" done in 13.20 μs
[20:59:25] [main/TRACE] [REI] [REIServerPlugin START] Reloading Section: "post-register/" done in 740.7 μs
[20:59:25] [main/DEBUG] [REI] ========================================
[20:59:25] [main/INFO] [REI] REIServerPlugin finished post-reload for START in 939.3 μs, totaling 9.678 ms.
[20:59:25] [main/DEBUG] [REI] ========================================
[20:59:25] [main/DEBUG] [REI] ========================================
[20:59:25] [main/DEBUG] [REI] REIPlugin starting pre-reload for END.
[20:59:25] [main/DEBUG] [REI] Reloadables (7):
[20:59:25] [main/DEBUG] [REI]  - EntryTypeRegistryImpl
[20:59:25] [main/DEBUG] [REI]  - EntrySettingsAdapterRegistryImpl
[20:59:25] [main/DEBUG] [REI]  - RecipeManagerContextImpl
[20:59:25] [main/DEBUG] [REI]  - ItemComparatorRegistryImpl
[20:59:25] [main/DEBUG] [REI]  - FluidComparatorRegistryImpl
[20:59:25] [main/DEBUG] [REI]  - DisplaySerializerRegistryImpl
[20:59:25] [main/DEBUG] [REI]  - FluidSupportProviderImpl
[20:59:25] [main/DEBUG] [REI] Plugins (3):
[20:59:25] [main/DEBUG] [REI]  - (-100.00) DefaultPlugin of DefaultPlugin [roughlyenoughitems]
[20:59:25] [main/DEBUG] [REI]  - (0.00) FabricFluidAPISupportPlugin
[20:59:25] [main/DEBUG] [REI]  - (0.00) DefaultRuntimePlugin of DefaultRuntimePlugin [roughlyenoughitems]
[20:59:25] [main/DEBUG] [REI] ========================================
[20:59:25] [main/TRACE] [REI] [REIPlugin END] Reloading Section: "pre-register/"
[20:59:25] [main/TRACE] [REI] [REIPlugin END] Reloading Section: "pre-register/DefaultPlugin of DefaultPlugin [roughlyenoughitems]/"
[20:59:25] [main/TRACE] [REI] [REIPlugin END] Reloading Section: "pre-register/DefaultPlugin of DefaultPlugin [roughlyenoughitems]/" done in 14.40 μs
[20:59:25] [main/TRACE] [REI] [REIPlugin END] Reloading Section: "pre-register/FabricFluidAPISupportPlugin/"
[20:59:25] [main/TRACE] [REI] [REIPlugin END] Reloading Section: "pre-register/FabricFluidAPISupportPlugin/" done in 13.40 μs
[20:59:25] [main/TRACE] [REI] [REIPlugin END] Reloading Section: "pre-register/DefaultRuntimePlugin of DefaultRuntimePlugin [roughlyenoughitems]/"
[20:59:25] [main/TRACE] [REI] [REIPlugin END] Reloading Section: "pre-register/DefaultRuntimePlugin of DefaultRuntimePlugin [roughlyenoughitems]/" done in 12.30 μs
[20:59:25] [main/TRACE] [REI] [REIPlugin END] Reloading Section: "pre-register/" done in 695.1 μs
[20:59:25] [main/DEBUG] [REI] ========================================
[20:59:25] [main/DEBUG] [REI] REIPlugin finished pre-reload for END in 906.5 μs.
[20:59:25] [main/DEBUG] [REI] ========================================
[20:59:25] [main/DEBUG] [REI] ========================================
[20:59:25] [main/DEBUG] [REI] REIServerPlugin starting pre-reload for END.
[20:59:25] [main/DEBUG] [REI] Reloadables (1):
[20:59:25] [main/DEBUG] [REI]  - MenuInfoRegistryImpl
[20:59:25] [main/DEBUG] [REI] Plugins (3):
[20:59:25] [main/DEBUG] [REI]  - (-100.00) DefaultPlugin of DefaultPlugin [roughlyenoughitems]
[20:59:25] [main/DEBUG] [REI]  - (0.00) FabricFluidAPISupportPlugin
[20:59:25] [main/DEBUG] [REI]  - (0.00) DefaultRuntimePlugin of DefaultRuntimePlugin [roughlyenoughitems]
[20:59:25] [main/DEBUG] [REI] ========================================
[20:59:25] [main/TRACE] [REI] [REIServerPlugin END] Reloading Section: "pre-register/"
[20:59:25] [main/TRACE] [REI] [REIServerPlugin END] Reloading Section: "pre-register/DefaultPlugin of DefaultPlugin [roughlyenoughitems]/"
[20:59:25] [main/TRACE] [REI] [REIServerPlugin END] Reloading Section: "pre-register/DefaultPlugin of DefaultPlugin [roughlyenoughitems]/" done in 12.20 μs
[20:59:25] [main/TRACE] [REI] [REIServerPlugin END] Reloading Section: "pre-register/FabricFluidAPISupportPlugin/"
[20:59:25] [main/TRACE] [REI] [REIServerPlugin END] Reloading Section: "pre-register/FabricFluidAPISupportPlugin/" done in 12.60 μs
[20:59:25] [main/TRACE] [REI] [REIServerPlugin END] Reloading Section: "pre-register/DefaultRuntimePlugin of DefaultRuntimePlugin [roughlyenoughitems]/"
[20:59:25] [main/TRACE] [REI] [REIServerPlugin END] Reloading Section: "pre-register/DefaultRuntimePlugin of DefaultRuntimePlugin [roughlyenoughitems]/" done in 12.30 μs
[20:59:25] [main/TRACE] [REI] [REIServerPlugin END] Reloading Section: "pre-register/" done in 829.7 μs
[20:59:25] [main/DEBUG] [REI] ========================================
[20:59:25] [main/DEBUG] [REI] REIServerPlugin finished pre-reload for END in 1.052 ms.
[20:59:25] [main/DEBUG] [REI] ========================================
[20:59:25] [main/INFO] [REI] OOOOOOOOOOOOOOOOOOOOOOOOOOOOOOOOOOOOOOOO
[20:59:25] [main/INFO] [REI] REIPlugin starting main-reload for END.
[20:59:25] [main/DEBUG] [REI] Reloadables (7):
[20:59:25] [main/DEBUG] [REI]  - EntryTypeRegistryImpl
[20:59:25] [main/DEBUG] [REI]  - EntrySettingsAdapterRegistryImpl
[20:59:25] [main/DEBUG] [REI]  - RecipeManagerContextImpl
[20:59:25] [main/DEBUG] [REI]  - ItemComparatorRegistryImpl
[20:59:25] [main/DEBUG] [REI]  - FluidComparatorRegistryImpl
[20:59:25] [main/DEBUG] [REI]  - DisplaySerializerRegistryImpl
[20:59:25] [main/DEBUG] [REI]  - FluidSupportProviderImpl
[20:59:25] [main/INFO] [REI] Plugins (3):
[20:59:25] [main/INFO] [REI]  - (-100.00) DefaultPlugin of DefaultPlugin [roughlyenoughitems]
[20:59:25] [main/INFO] [REI]  - (0.00) FabricFluidAPISupportPlugin
[20:59:25] [main/INFO] [REI]  - (0.00) DefaultRuntimePlugin of DefaultRuntimePlugin [roughlyenoughitems]
[20:59:25] [main/INFO] [REI] OOOOOOOOOOOOOOOOOOOOOOOOOOOOOOOOOOOOOOOO
[20:59:25] [main/TRACE] [REI] [REIPlugin END] Reloading Section: "start-reload/"
[20:59:25] [main/TRACE] [REI] [REIPlugin END] Reloading Section: "start-reload/EntryTypeRegistryImpl/"
[20:59:25] [main/TRACE] [REI] [REIPlugin END] Reloading Section: "start-reload/EntryTypeRegistryImpl/" done in 13.30 μs
[20:59:25] [main/TRACE] [REI] [REIPlugin END] Reloading Section: "start-reload/EntrySettingsAdapterRegistryImpl/"
[20:59:25] [main/TRACE] [REI] [REIPlugin END] Reloading Section: "start-reload/EntrySettingsAdapterRegistryImpl/" done in 34.30 μs
[20:59:25] [main/TRACE] [REI] [REIPlugin END] Reloading Section: "start-reload/RecipeManagerContextImpl/"
[20:59:25] [main/TRACE] [REI] [REIPlugin END] Reloading Section: "start-reload/RecipeManagerContextImpl/" done in 13.70 μs
[20:59:25] [main/TRACE] [REI] [REIPlugin END] Reloading Section: "start-reload/ItemComparatorRegistryImpl/"
[20:59:25] [main/TRACE] [REI] [REIPlugin END] Reloading Section: "start-reload/ItemComparatorRegistryImpl/" done in 11.40 μs
[20:59:25] [main/TRACE] [REI] [REIPlugin END] Reloading Section: "start-reload/FluidComparatorRegistryImpl/"
[20:59:25] [main/TRACE] [REI] [REIPlugin END] Reloading Section: "start-reload/FluidComparatorRegistryImpl/" done in 10.40 μs
[20:59:25] [main/TRACE] [REI] [REIPlugin END] Reloading Section: "start-reload/DisplaySerializerRegistryImpl/"
[20:59:25] [main/TRACE] [REI] [REIPlugin END] Reloading Section: "start-reload/DisplaySerializerRegistryImpl/" done in 26.20 μs
[20:59:25] [main/TRACE] [REI] [REIPlugin END] Reloading Section: "start-reload/FluidSupportProviderImpl/"
[20:59:25] [main/TRACE] [REI] [REIPlugin END] Reloading Section: "start-reload/FluidSupportProviderImpl/" done in 10.10 μs
[20:59:25] [main/TRACE] [REI] [REIPlugin END] Reloading Section: "start-reload/" done in 1.912 ms
[20:59:25] [main/DEBUG] [REI] ========================================
[20:59:25] [main/DEBUG] [REI] REIPlugin started main-reload for END.
[20:59:25] [main/DEBUG] [REI] ========================================
[20:59:25] [main/TRACE] [REI] [REIPlugin END] Reloading Section: "reloadable-plugin/EntryTypeRegistryImpl/"
[20:59:25] [main/TRACE] [REI] [REIPlugin END] Reloading Section: "reloadable-plugin/EntryTypeRegistryImpl/DefaultPlugin of DefaultPlugin [roughlyenoughitems]/"
[20:59:25] [main/TRACE] [REI] [REIPlugin END] Reloading Section: "reloadable-plugin/EntryTypeRegistryImpl/DefaultPlugin of DefaultPlugin [roughlyenoughitems]/" done in 20.10 μs
[20:59:25] [main/TRACE] [REI] [REIPlugin END] Reloading Section: "reloadable-plugin/EntryTypeRegistryImpl/FabricFluidAPISupportPlugin/"
[20:59:25] [main/TRACE] [REI] [REIPlugin END] Reloading Section: "reloadable-plugin/EntryTypeRegistryImpl/FabricFluidAPISupportPlugin/" done in 19.90 μs
[20:59:25] [main/TRACE] [REI] [REIPlugin END] Reloading Section: "reloadable-plugin/EntryTypeRegistryImpl/DefaultRuntimePlugin of DefaultRuntimePlugin [roughlyenoughitems]/"
[20:59:25] [main/TRACE] [REI] [REIPlugin END] Reloading Section: "reloadable-plugin/EntryTypeRegistryImpl/DefaultRuntimePlugin of DefaultRuntimePlugin [roughlyenoughitems]/" done in 18.10 μs
[20:59:25] [main/TRACE] [REI] [REIPlugin END] Reloading Section: "reloadable-plugin/EntryTypeRegistryImpl/" done in 977.0 μs
[20:59:25] [main/TRACE] [REI] [REIPlugin END] Reloading Section: "reloadable-plugin/EntrySettingsAdapterRegistryImpl/"
[20:59:25] [main/TRACE] [REI] [REIPlugin END] Reloading Section: "reloadable-plugin/EntrySettingsAdapterRegistryImpl/DefaultPlugin of DefaultPlugin [roughlyenoughitems]/"
[20:59:25] [main/TRACE] [REI] [REIPlugin END] Reloading Section: "reloadable-plugin/EntrySettingsAdapterRegistryImpl/DefaultPlugin of DefaultPlugin [roughlyenoughitems]/" done in 28.10 μs
[20:59:25] [main/TRACE] [REI] [REIPlugin END] Reloading Section: "reloadable-plugin/EntrySettingsAdapterRegistryImpl/FabricFluidAPISupportPlugin/"
[20:59:25] [main/TRACE] [REI] [REIPlugin END] Reloading Section: "reloadable-plugin/EntrySettingsAdapterRegistryImpl/FabricFluidAPISupportPlugin/" done in 17.90 μs
[20:59:25] [main/TRACE] [REI] [REIPlugin END] Reloading Section: "reloadable-plugin/EntrySettingsAdapterRegistryImpl/DefaultRuntimePlugin of DefaultRuntimePlugin [roughlyenoughitems]/"
[20:59:25] [main/TRACE] [REI] [REIPlugin END] Reloading Section: "reloadable-plugin/EntrySettingsAdapterRegistryImpl/DefaultRuntimePlugin of DefaultRuntimePlugin [roughlyenoughitems]/" done in 17.40 μs
[20:59:25] [main/TRACE] [REI] [REIPlugin END] Reloading Section: "reloadable-plugin/EntrySettingsAdapterRegistryImpl/" done in 849.4 μs
[20:59:25] [main/TRACE] [REI] [REIPlugin END] Reloading Section: "reloadable-plugin/RecipeManagerContextImpl/"
[20:59:25] [main/TRACE] [REI] [REIPlugin END] Reloading Section: "reloadable-plugin/RecipeManagerContextImpl/DefaultPlugin of DefaultPlugin [roughlyenoughitems]/"
[20:59:25] [main/TRACE] [REI] [REIPlugin END] Reloading Section: "reloadable-plugin/RecipeManagerContextImpl/DefaultPlugin of DefaultPlugin [roughlyenoughitems]/" done in 16.60 μs
[20:59:25] [main/TRACE] [REI] [REIPlugin END] Reloading Section: "reloadable-plugin/RecipeManagerContextImpl/FabricFluidAPISupportPlugin/"
[20:59:25] [main/TRACE] [REI] [REIPlugin END] Reloading Section: "reloadable-plugin/RecipeManagerContextImpl/FabricFluidAPISupportPlugin/" done in 17.30 μs
[20:59:25] [main/TRACE] [REI] [REIPlugin END] Reloading Section: "reloadable-plugin/RecipeManagerContextImpl/DefaultRuntimePlugin of DefaultRuntimePlugin [roughlyenoughitems]/"
[20:59:25] [main/TRACE] [REI] [REIPlugin END] Reloading Section: "reloadable-plugin/RecipeManagerContextImpl/DefaultRuntimePlugin of DefaultRuntimePlugin [roughlyenoughitems]/" done in 17.10 μs
[20:59:25] [main/TRACE] [REI] [REIPlugin END] Reloading Section: "reloadable-plugin/RecipeManagerContextImpl/" done in 923.0 μs
[20:59:25] [main/TRACE] [REI] [REIPlugin END] Reloading Section: "reloadable-plugin/ItemComparatorRegistryImpl/"
[20:59:25] [main/TRACE] [REI] [REIPlugin END] Reloading Section: "reloadable-plugin/ItemComparatorRegistryImpl/DefaultPlugin of DefaultPlugin [roughlyenoughitems]/"
[20:59:25] [main/TRACE] [REI] [REIPlugin END] Reloading Section: "reloadable-plugin/ItemComparatorRegistryImpl/DefaultPlugin of DefaultPlugin [roughlyenoughitems]/" done in 16.20 μs
[20:59:25] [main/TRACE] [REI] [REIPlugin END] Reloading Section: "reloadable-plugin/ItemComparatorRegistryImpl/FabricFluidAPISupportPlugin/"
[20:59:25] [main/TRACE] [REI] [REIPlugin END] Reloading Section: "reloadable-plugin/ItemComparatorRegistryImpl/FabricFluidAPISupportPlugin/" done in 18.60 μs
[20:59:25] [main/TRACE] [REI] [REIPlugin END] Reloading Section: "reloadable-plugin/ItemComparatorRegistryImpl/DefaultRuntimePlugin of DefaultRuntimePlugin [roughlyenoughitems]/"
[20:59:25] [main/TRACE] [REI] [REIPlugin END] Reloading Section: "reloadable-plugin/ItemComparatorRegistryImpl/DefaultRuntimePlugin of DefaultRuntimePlugin [roughlyenoughitems]/" done in 18.40 μs
[20:59:25] [main/TRACE] [REI] [REIPlugin END] Reloading Section: "reloadable-plugin/ItemComparatorRegistryImpl/" done in 879.1 μs
[20:59:25] [main/TRACE] [REI] [REIPlugin END] Reloading Section: "reloadable-plugin/FluidComparatorRegistryImpl/"
[20:59:25] [main/TRACE] [REI] [REIPlugin END] Reloading Section: "reloadable-plugin/FluidComparatorRegistryImpl/DefaultPlugin of DefaultPlugin [roughlyenoughitems]/"
[20:59:25] [main/TRACE] [REI] [REIPlugin END] Reloading Section: "reloadable-plugin/FluidComparatorRegistryImpl/DefaultPlugin of DefaultPlugin [roughlyenoughitems]/" done in 15.00 μs
[20:59:25] [main/TRACE] [REI] [REIPlugin END] Reloading Section: "reloadable-plugin/FluidComparatorRegistryImpl/FabricFluidAPISupportPlugin/"
[20:59:25] [main/TRACE] [REI] [REIPlugin END] Reloading Section: "reloadable-plugin/FluidComparatorRegistryImpl/FabricFluidAPISupportPlugin/" done in 28.10 μs
[20:59:25] [main/TRACE] [REI] [REIPlugin END] Reloading Section: "reloadable-plugin/FluidComparatorRegistryImpl/DefaultRuntimePlugin of DefaultRuntimePlugin [roughlyenoughitems]/"
[20:59:25] [main/TRACE] [REI] [REIPlugin END] Reloading Section: "reloadable-plugin/FluidComparatorRegistryImpl/DefaultRuntimePlugin of DefaultRuntimePlugin [roughlyenoughitems]/" done in 17.80 μs
[20:59:25] [main/TRACE] [REI] [REIPlugin END] Reloading Section: "reloadable-plugin/FluidComparatorRegistryImpl/" done in 858.7 μs
[20:59:25] [main/TRACE] [REI] [REIPlugin END] Reloading Section: "reloadable-plugin/DisplaySerializerRegistryImpl/"
[20:59:25] [main/TRACE] [REI] [REIPlugin END] Reloading Section: "reloadable-plugin/DisplaySerializerRegistryImpl/DefaultPlugin of DefaultPlugin [roughlyenoughitems]/"
[20:59:25] [main/TRACE] [REI] [REIPlugin END] Reloading Section: "reloadable-plugin/DisplaySerializerRegistryImpl/DefaultPlugin of DefaultPlugin [roughlyenoughitems]/" done in 25.62 ms
[20:59:25] [main/TRACE] [REI] [REIPlugin END] Reloading Section: "reloadable-plugin/DisplaySerializerRegistryImpl/FabricFluidAPISupportPlugin/"
[20:59:25] [main/TRACE] [REI] [REIPlugin END] Reloading Section: "reloadable-plugin/DisplaySerializerRegistryImpl/FabricFluidAPISupportPlugin/" done in 34.20 μs
[20:59:25] [main/TRACE] [REI] [REIPlugin END] Reloading Section: "reloadable-plugin/DisplaySerializerRegistryImpl/DefaultRuntimePlugin of DefaultRuntimePlugin [roughlyenoughitems]/"
[20:59:25] [main/TRACE] [REI] [REIPlugin END] Reloading Section: "reloadable-plugin/DisplaySerializerRegistryImpl/DefaultRuntimePlugin of DefaultRuntimePlugin [roughlyenoughitems]/" done in 20.50 μs
[20:59:25] [main/TRACE] [REI] [REIPlugin END] Reloading Section: "reloadable-plugin/DisplaySerializerRegistryImpl/" done in 26.88 ms
[20:59:25] [main/TRACE] [REI] [REIPlugin END] Reloading Section: "reloadable-plugin/FluidSupportProviderImpl/"
[20:59:25] [main/TRACE] [REI] [REIPlugin END] Reloading Section: "reloadable-plugin/FluidSupportProviderImpl/DefaultPlugin of DefaultPlugin [roughlyenoughitems]/"
[20:59:25] [main/TRACE] [REI] [REIPlugin END] Reloading Section: "reloadable-plugin/FluidSupportProviderImpl/DefaultPlugin of DefaultPlugin [roughlyenoughitems]/" done in 15.40 μs
[20:59:25] [main/TRACE] [REI] [REIPlugin END] Reloading Section: "reloadable-plugin/FluidSupportProviderImpl/FabricFluidAPISupportPlugin/"
[20:59:25] [main/TRACE] [REI] [REIPlugin END] Reloading Section: "reloadable-plugin/FluidSupportProviderImpl/FabricFluidAPISupportPlugin/" done in 17.60 μs
[20:59:25] [main/TRACE] [REI] [REIPlugin END] Reloading Section: "reloadable-plugin/FluidSupportProviderImpl/DefaultRuntimePlugin of DefaultRuntimePlugin [roughlyenoughitems]/"
[20:59:25] [main/TRACE] [REI] [REIPlugin END] Reloading Section: "reloadable-plugin/FluidSupportProviderImpl/DefaultRuntimePlugin of DefaultRuntimePlugin [roughlyenoughitems]/" done in 17.90 μs
[20:59:25] [main/TRACE] [REI] [REIPlugin END] Reloading Section: "reloadable-plugin/FluidSupportProviderImpl/" done in 914.2 μs
[20:59:25] [main/DEBUG] [REI] ========================================
[20:59:25] [main/DEBUG] [REI] REIPlugin ending main-reload for END.
[20:59:25] [main/DEBUG] [REI] ========================================
[20:59:25] [main/TRACE] [REI] [REIPlugin END] Reloading Section: "end-reload/"
[20:59:25] [main/TRACE] [REI] [REIPlugin END] Reloading Section: "end-reload/EntryTypeRegistryImpl/"
[20:59:25] [main/TRACE] [REI] [REIPlugin END] Reloading Section: "end-reload/EntryTypeRegistryImpl/" done in 9.500 μs
[20:59:25] [main/TRACE] [REI] [REIPlugin END] Reloading Section: "end-reload/EntrySettingsAdapterRegistryImpl/"
[20:59:25] [main/TRACE] [REI] [REIPlugin END] Reloading Section: "end-reload/EntrySettingsAdapterRegistryImpl/" done in 8.200 μs
[20:59:25] [main/TRACE] [REI] [REIPlugin END] Reloading Section: "end-reload/RecipeManagerContextImpl/"
[20:59:25] [main/TRACE] [REI] [REIPlugin END] Reloading Section: "end-reload/RecipeManagerContextImpl/" done in 8.900 μs
[20:59:25] [main/TRACE] [REI] [REIPlugin END] Reloading Section: "end-reload/ItemComparatorRegistryImpl/"
[20:59:25] [main/TRACE] [REI] [REIPlugin END] Reloading Section: "end-reload/ItemComparatorRegistryImpl/" done in 8.300 μs
[20:59:25] [main/TRACE] [REI] [REIPlugin END] Reloading Section: "end-reload/FluidComparatorRegistryImpl/"
[20:59:25] [main/TRACE] [REI] [REIPlugin END] Reloading Section: "end-reload/FluidComparatorRegistryImpl/" done in 7.001 μs
[20:59:25] [main/TRACE] [REI] [REIPlugin END] Reloading Section: "end-reload/DisplaySerializerRegistryImpl/"
[20:59:25] [main/TRACE] [REI] [REIPlugin END] Reloading Section: "end-reload/DisplaySerializerRegistryImpl/" done in 10.00 μs
[20:59:25] [main/TRACE] [REI] [REIPlugin END] Reloading Section: "end-reload/FluidSupportProviderImpl/"
[20:59:25] [main/TRACE] [REI] [REIPlugin END] Reloading Section: "end-reload/FluidSupportProviderImpl/" done in 10.60 μs
[20:59:25] [main/TRACE] [REI] [REIPlugin END] Reloading Section: "end-reload/" done in 4.550 ms
[20:59:25] [main/DEBUG] [REI] ========================================
[20:59:25] [main/DEBUG] [REI] REIPlugin ended main-reload for END in 45.94 ms.
[20:59:25] [main/DEBUG] [REI] ========================================
[20:59:25] [main/INFO] [REI] ----------------------------------------
[20:59:25] [main/INFO] [REI] REIServerPlugin starting main-reload for END.
[20:59:25] [main/DEBUG] [REI] Reloadables (1):
[20:59:25] [main/DEBUG] [REI]  - MenuInfoRegistryImpl
[20:59:25] [main/INFO] [REI] Plugins (3):
[20:59:25] [main/INFO] [REI]  - (-100.00) DefaultPlugin of DefaultPlugin [roughlyenoughitems]
[20:59:25] [main/INFO] [REI]  - (0.00) FabricFluidAPISupportPlugin
[20:59:25] [main/INFO] [REI]  - (0.00) DefaultRuntimePlugin of DefaultRuntimePlugin [roughlyenoughitems]
[20:59:25] [main/INFO] [REI] ----------------------------------------
[20:59:25] [main/TRACE] [REI] [REIServerPlugin END] Reloading Section: "start-reload/"
[20:59:25] [main/TRACE] [REI] [REIServerPlugin END] Reloading Section: "start-reload/MenuInfoRegistryImpl/"
[20:59:25] [main/TRACE] [REI] [REIServerPlugin END] Reloading Section: "start-reload/MenuInfoRegistryImpl/" done in 33.30 μs
[20:59:25] [main/TRACE] [REI] [REIServerPlugin END] Reloading Section: "start-reload/" done in 300.6 μs
[20:59:25] [main/DEBUG] [REI] ========================================
[20:59:25] [main/DEBUG] [REI] REIServerPlugin started main-reload for END.
[20:59:25] [main/DEBUG] [REI] ========================================
[20:59:25] [main/TRACE] [REI] [REIServerPlugin END] Reloading Section: "reloadable-plugin/MenuInfoRegistryImpl/"
[20:59:25] [main/TRACE] [REI] [REIServerPlugin END] Reloading Section: "reloadable-plugin/MenuInfoRegistryImpl/DefaultPlugin of DefaultPlugin [roughlyenoughitems]/"
[20:59:25] [main/DEBUG] [REI] Added menu info for class net.minecraft.class_1714 [minecraft:plugins/crafting]: me.shedaniel.rei.api.common.transfer.info.simple.SimpleMenuInfoProvider$$Lambda$4862/0x00000008019f8200@320aad1b
[20:59:25] [main/DEBUG] [REI] Added menu info for class net.minecraft.class_1723 [minecraft:plugins/crafting]: me.shedaniel.rei.api.common.transfer.info.simple.SimpleMenuInfoProvider$$Lambda$4862/0x00000008019f8200@27702b7a
[20:59:25] [main/DEBUG] [REI] Added menu info for class net.minecraft.class_3858 [minecraft:plugins/smelting]: me.shedaniel.rei.api.common.transfer.info.simple.SimpleMenuInfoProvider$$Lambda$4862/0x00000008019f8200@6e30ed46
[20:59:25] [main/DEBUG] [REI] Added menu info for class net.minecraft.class_3706 [minecraft:plugins/smoking]: me.shedaniel.rei.api.common.transfer.info.simple.SimpleMenuInfoProvider$$Lambda$4862/0x00000008019f8200@243be3df
[20:59:25] [main/DEBUG] [REI] Added menu info for class net.minecraft.class_3705 [minecraft:plugins/blasting]: me.shedaniel.rei.api.common.transfer.info.simple.SimpleMenuInfoProvider$$Lambda$4862/0x00000008019f8200@24d3b37d
[20:59:25] [main/TRACE] [REI] [REIServerPlugin END] Reloading Section: "reloadable-plugin/MenuInfoRegistryImpl/DefaultPlugin of DefaultPlugin [roughlyenoughitems]/" done in 6.979 ms
[20:59:25] [main/TRACE] [REI] [REIServerPlugin END] Reloading Section: "reloadable-plugin/MenuInfoRegistryImpl/FabricFluidAPISupportPlugin/"
[20:59:25] [main/TRACE] [REI] [REIServerPlugin END] Reloading Section: "reloadable-plugin/MenuInfoRegistryImpl/FabricFluidAPISupportPlugin/" done in 23.10 μs
[20:59:25] [main/TRACE] [REI] [REIServerPlugin END] Reloading Section: "reloadable-plugin/MenuInfoRegistryImpl/DefaultRuntimePlugin of DefaultRuntimePlugin [roughlyenoughitems]/"
[20:59:25] [main/TRACE] [REI] [REIServerPlugin END] Reloading Section: "reloadable-plugin/MenuInfoRegistryImpl/DefaultRuntimePlugin of DefaultRuntimePlugin [roughlyenoughitems]/" done in 21.40 μs
[20:59:25] [main/TRACE] [REI] [REIServerPlugin END] Reloading Section: "reloadable-plugin/MenuInfoRegistryImpl/" done in 8.121 ms
[20:59:25] [main/DEBUG] [REI] ========================================
[20:59:25] [main/DEBUG] [REI] REIServerPlugin ending main-reload for END.
[20:59:25] [main/DEBUG] [REI] ========================================
[20:59:25] [main/TRACE] [REI] [REIServerPlugin END] Reloading Section: "end-reload/"
[20:59:25] [main/TRACE] [REI] [REIServerPlugin END] Reloading Section: "end-reload/MenuInfoRegistryImpl/"
[20:59:25] [main/DEBUG] [REI] Registered 4 menu infos
[20:59:25] [main/TRACE] [REI] [REIServerPlugin END] Reloading Section: "end-reload/MenuInfoRegistryImpl/" done in 134.0 μs
[20:59:25] [main/TRACE] [REI] [REIServerPlugin END] Reloading Section: "end-reload/" done in 359.5 μs
[20:59:25] [main/DEBUG] [REI] ========================================
[20:59:25] [main/DEBUG] [REI] REIServerPlugin ended main-reload for END in 16.85 ms.
[20:59:25] [main/DEBUG] [REI] ========================================
[20:59:25] [main/DEBUG] [REI] ========================================
[20:59:25] [main/DEBUG] [REI] REIPlugin starting post-reload for END.
[20:59:25] [main/DEBUG] [REI] Reloadables (7):
[20:59:25] [main/DEBUG] [REI]  - EntryTypeRegistryImpl
[20:59:25] [main/DEBUG] [REI]  - EntrySettingsAdapterRegistryImpl
[20:59:25] [main/DEBUG] [REI]  - RecipeManagerContextImpl
[20:59:25] [main/DEBUG] [REI]  - ItemComparatorRegistryImpl
[20:59:25] [main/DEBUG] [REI]  - FluidComparatorRegistryImpl
[20:59:25] [main/DEBUG] [REI]  - DisplaySerializerRegistryImpl
[20:59:25] [main/DEBUG] [REI]  - FluidSupportProviderImpl
[20:59:25] [main/DEBUG] [REI] Plugins (3):
[20:59:25] [main/DEBUG] [REI]  - (-100.00) DefaultPlugin of DefaultPlugin [roughlyenoughitems]
[20:59:25] [main/DEBUG] [REI]  - (0.00) FabricFluidAPISupportPlugin
[20:59:25] [main/DEBUG] [REI]  - (0.00) DefaultRuntimePlugin of DefaultRuntimePlugin [roughlyenoughitems]
[20:59:25] [main/DEBUG] [REI] ========================================
[20:59:25] [main/TRACE] [REI] [REIPlugin END] Reloading Section: "post-register/"
[20:59:25] [main/TRACE] [REI] [REIPlugin END] Reloading Section: "post-register/DefaultPlugin of DefaultPlugin [roughlyenoughitems]/"
[20:59:25] [main/TRACE] [REI] [REIPlugin END] Reloading Section: "post-register/DefaultPlugin of DefaultPlugin [roughlyenoughitems]/" done in 13.70 μs
[20:59:25] [main/TRACE] [REI] [REIPlugin END] Reloading Section: "post-register/FabricFluidAPISupportPlugin/"
[20:59:25] [main/TRACE] [REI] [REIPlugin END] Reloading Section: "post-register/FabricFluidAPISupportPlugin/" done in 12.80 μs
[20:59:25] [main/TRACE] [REI] [REIPlugin END] Reloading Section: "post-register/DefaultRuntimePlugin of DefaultRuntimePlugin [roughlyenoughitems]/"
[20:59:25] [main/TRACE] [REI] [REIPlugin END] Reloading Section: "post-register/DefaultRuntimePlugin of DefaultRuntimePlugin [roughlyenoughitems]/" done in 12.10 μs
[20:59:25] [main/TRACE] [REI] [REIPlugin END] Reloading Section: "post-register/" done in 682.6 μs
[20:59:25] [main/DEBUG] [REI] ========================================
[20:59:25] [main/INFO] [REI] REIPlugin finished post-reload for END in 869.9 μs, totaling 47.67 ms.
[20:59:25] [main/DEBUG] [REI] ========================================
[20:59:25] [main/DEBUG] [REI] ========================================
[20:59:25] [main/DEBUG] [REI] REIServerPlugin starting post-reload for END.
[20:59:25] [main/DEBUG] [REI] Reloadables (1):
[20:59:25] [main/DEBUG] [REI]  - MenuInfoRegistryImpl
[20:59:25] [main/DEBUG] [REI] Plugins (3):
[20:59:25] [main/DEBUG] [REI]  - (-100.00) DefaultPlugin of DefaultPlugin [roughlyenoughitems]
[20:59:25] [main/DEBUG] [REI]  - (0.00) FabricFluidAPISupportPlugin
[20:59:25] [main/DEBUG] [REI]  - (0.00) DefaultRuntimePlugin of DefaultRuntimePlugin [roughlyenoughitems]
[20:59:25] [main/DEBUG] [REI] ========================================
[20:59:25] [main/TRACE] [REI] [REIServerPlugin END] Reloading Section: "post-register/"
[20:59:25] [main/TRACE] [REI] [REIServerPlugin END] Reloading Section: "post-register/DefaultPlugin of DefaultPlugin [roughlyenoughitems]/"
[20:59:25] [main/TRACE] [REI] [REIServerPlugin END] Reloading Section: "post-register/DefaultPlugin of DefaultPlugin [roughlyenoughitems]/" done in 12.70 μs
[20:59:25] [main/TRACE] [REI] [REIServerPlugin END] Reloading Section: "post-register/FabricFluidAPISupportPlugin/"
[20:59:25] [main/TRACE] [REI] [REIServerPlugin END] Reloading Section: "post-register/FabricFluidAPISupportPlugin/" done in 13.90 μs
[20:59:25] [main/TRACE] [REI] [REIServerPlugin END] Reloading Section: "post-register/DefaultRuntimePlugin of DefaultRuntimePlugin [roughlyenoughitems]/"
[20:59:25] [main/TRACE] [REI] [REIServerPlugin END] Reloading Section: "post-register/DefaultRuntimePlugin of DefaultRuntimePlugin [roughlyenoughitems]/" done in 13.30 μs
[20:59:25] [main/TRACE] [REI] [REIServerPlugin END] Reloading Section: "post-register/" done in 710.3 μs
[20:59:25] [main/DEBUG] [REI] ========================================
[20:59:25] [main/INFO] [REI] REIServerPlugin finished post-reload for END in 930.1 μs, totaling 18.79 ms.
[20:59:25] [main/DEBUG] [REI] ========================================
